Started GET "/" for 127.0.0.1 at 2018-09-19 13:42:24 +0900
  
ActiveRecord::PendingMigrationError (

Migrations are pending. To resolve this issue, run:

        bin/rails db:migrate RAILS_ENV=development

):
  
activerecord (5.2.1) lib/active_record/migration.rb:579:in `check_pending!'
activerecord (5.2.1) lib/active_record/migration.rb:556:in `call'
actionpack (5.2.1) lib/action_dispatch/middleware/callbacks.rb:28:in `block in call'
activesupport (5.2.1) lib/active_support/callbacks.rb:98:in `run_callbacks'
actionpack (5.2.1) lib/action_dispatch/middleware/callbacks.rb:26:in `call'
actionpack (5.2.1) lib/action_dispatch/middleware/executor.rb:14:in `call'
actionpack (5.2.1) lib/action_dispatch/middleware/debug_exceptions.rb:61:in `call'
web-console (3.7.0) lib/web_console/middleware.rb:135:in `call_app'
web-console (3.7.0) lib/web_console/middleware.rb:30:in `block in call'
web-console (3.7.0) lib/web_console/middleware.rb:20:in `catch'
web-console (3.7.0) lib/web_console/middleware.rb:20:in `call'
actionpack (5.2.1) lib/action_dispatch/middleware/show_exceptions.rb:33:in `call'
railties (5.2.1) lib/rails/rack/logger.rb:38:in `call_app'
railties (5.2.1) lib/rails/rack/logger.rb:26:in `block in call'
activesupport (5.2.1) lib/active_support/tagged_logging.rb:71:in `block in tagged'
activesupport (5.2.1) lib/active_support/tagged_logging.rb:28:in `tagged'
activesupport (5.2.1) lib/active_support/tagged_logging.rb:71:in `tagged'
railties (5.2.1) lib/rails/rack/logger.rb:26:in `call'
sprockets-rails (3.2.1) lib/sprockets/rails/quiet_assets.rb:13:in `call'
actionpack (5.2.1) lib/action_dispatch/middleware/remote_ip.rb:81:in `call'
actionpack (5.2.1) lib/action_dispatch/middleware/request_id.rb:27:in `call'
rack (2.0.5) lib/rack/method_override.rb:22:in `call'
rack (2.0.5) lib/rack/runtime.rb:22:in `call'
activesupport (5.2.1) lib/active_support/cache/strategy/local_cache_middleware.rb:29:in `call'
actionpack (5.2.1) lib/action_dispatch/middleware/executor.rb:14:in `call'
actionpack (5.2.1) lib/action_dispatch/middleware/static.rb:127:in `call'
rack (2.0.5) lib/rack/sendfile.rb:111:in `call'
railties (5.2.1) lib/rails/engine.rb:524:in `call'
puma (3.12.0) lib/puma/configuration.rb:225:in `call'
puma (3.12.0) lib/puma/server.rb:658:in `handle_request'
puma (3.12.0) lib/puma/server.rb:472:in `process_client'
puma (3.12.0) lib/puma/server.rb:332:in `block in run'
puma (3.12.0) lib/puma/thread_pool.rb:133:in `block in spawn_thread'
  [1m[35m (0.1ms)[0m  [1m[34mSELECT sqlite_version(*)[0m
  ↳ /usr/lib/ruby/vendor_ruby/rake/task.rb:271
  [1m[35m (318.7ms)[0m  [1m[35mCREATE TABLE "schema_migrations" ("version" varchar NOT NULL PRIMARY KEY)[0m
  ↳ /usr/lib/ruby/vendor_ruby/rake/task.rb:271
  [1m[35m (110.2ms)[0m  [1m[35mCREATE TABLE "ar_internal_metadata" ("key" varchar NOT NULL PRIMARY KEY, "value" varchar, "created_at" datetime NOT NULL, "updated_at" datetime NOT NULL)[0m
  ↳ /usr/lib/ruby/vendor_ruby/rake/task.rb:271
  [1m[35m (0.3ms)[0m  [1m[34mSELECT "schema_migrations"."version" FROM "schema_migrations" ORDER BY "schema_migrations"."version" ASC[0m
  ↳ /usr/lib/ruby/vendor_ruby/rake/task.rb:271
Migrating to CreatePosts (20180919044102)
  [1m[35m (0.1ms)[0m  [1m[36mbegin transaction[0m
  ↳ /usr/lib/ruby/vendor_ruby/rake/task.rb:271
  [1m[35m (5.3ms)[0m  [1m[35mCREATE TABLE "posts" ("id" integer PRIMARY KEY AUTOINCREMENT NOT NULL, "content" varchar, "title" varchar, "created_at" datetime NOT NULL, "updated_at" datetime NOT NULL)[0m
  ↳ db/migrate/20180919044102_create_posts.rb:3
  [1m[36mActiveRecord::SchemaMigration Create (0.3ms)[0m  [1m[32mINSERT INTO "schema_migrations" ("version") VALUES (?)[0m  [["version", "20180919044102"]]
  ↳ /usr/lib/ruby/vendor_ruby/rake/task.rb:271
  [1m[35m (81.0ms)[0m  [1m[36mcommit transaction[0m
  ↳ /usr/lib/ruby/vendor_ruby/rake/task.rb:271
  [1m[36mActiveRecord::InternalMetadata Load (0.3ms)[0m  [1m[34mSELECT  "ar_internal_metadata".* FROM "ar_internal_metadata" WHERE "ar_internal_metadata"."key" = ? LIMIT ?[0m  [["key", "environment"], ["LIMIT", 1]]
  ↳ /usr/lib/ruby/vendor_ruby/rake/task.rb:271
  [1m[35m (0.1ms)[0m  [1m[36mbegin transaction[0m
  ↳ /usr/lib/ruby/vendor_ruby/rake/task.rb:271
  [1m[36mActiveRecord::InternalMetadata Create (0.5ms)[0m  [1m[32mINSERT INTO "ar_internal_metadata" ("key", "value", "created_at", "updated_at") VALUES (?, ?, ?, ?)[0m  [["key", "environment"], ["value", "development"], ["created_at", "2018-09-19 04:42:47.642577"], ["updated_at", "2018-09-19 04:42:47.642577"]]
  ↳ /usr/lib/ruby/vendor_ruby/rake/task.rb:271
  [1m[35m (84.5ms)[0m  [1m[36mcommit transaction[0m
  ↳ /usr/lib/ruby/vendor_ruby/rake/task.rb:271
  [1m[35m (0.2ms)[0m  [1m[34mSELECT "schema_migrations"."version" FROM "schema_migrations" ORDER BY "schema_migrations"."version" ASC[0m
  ↳ /usr/lib/ruby/vendor_ruby/rake/task.rb:271
Started GET "/" for 127.0.0.1 at 2018-09-19 13:42:57 +0900
  [1m[35m (0.2ms)[0m  [1m[34mSELECT "schema_migrations"."version" FROM "schema_migrations" ORDER BY "schema_migrations"."version" ASC[0m
  ↳ /var/lib/gems/2.5.0/gems/activerecord-5.2.1/lib/active_record/log_subscriber.rb:98
Processing by Rails::WelcomeController#index as HTML
  Rendering /var/lib/gems/2.5.0/gems/railties-5.2.1/lib/rails/templates/rails/welcome/index.html.erb
  Rendered /var/lib/gems/2.5.0/gems/railties-5.2.1/lib/rails/templates/rails/welcome/index.html.erb (3.8ms)
Completed 200 OK in 19ms (Views: 6.5ms | ActiveRecord: 0.0ms)


Started GET "/index" for 127.0.0.1 at 2018-09-19 13:43:02 +0900
  
ActionController::RoutingError (No route matches [GET] "/index"):
  
actionpack (5.2.1) lib/action_dispatch/middleware/debug_exceptions.rb:65:in `call'
web-console (3.7.0) lib/web_console/middleware.rb:135:in `call_app'
web-console (3.7.0) lib/web_console/middleware.rb:30:in `block in call'
web-console (3.7.0) lib/web_console/middleware.rb:20:in `catch'
web-console (3.7.0) lib/web_console/middleware.rb:20:in `call'
actionpack (5.2.1) lib/action_dispatch/middleware/show_exceptions.rb:33:in `call'
railties (5.2.1) lib/rails/rack/logger.rb:38:in `call_app'
railties (5.2.1) lib/rails/rack/logger.rb:26:in `block in call'
activesupport (5.2.1) lib/active_support/tagged_logging.rb:71:in `block in tagged'
activesupport (5.2.1) lib/active_support/tagged_logging.rb:28:in `tagged'
activesupport (5.2.1) lib/active_support/tagged_logging.rb:71:in `tagged'
railties (5.2.1) lib/rails/rack/logger.rb:26:in `call'
sprockets-rails (3.2.1) lib/sprockets/rails/quiet_assets.rb:13:in `call'
actionpack (5.2.1) lib/action_dispatch/middleware/remote_ip.rb:81:in `call'
actionpack (5.2.1) lib/action_dispatch/middleware/request_id.rb:27:in `call'
rack (2.0.5) lib/rack/method_override.rb:22:in `call'
rack (2.0.5) lib/rack/runtime.rb:22:in `call'
activesupport (5.2.1) lib/active_support/cache/strategy/local_cache_middleware.rb:29:in `call'
actionpack (5.2.1) lib/action_dispatch/middleware/executor.rb:14:in `call'
actionpack (5.2.1) lib/action_dispatch/middleware/static.rb:127:in `call'
rack (2.0.5) lib/rack/sendfile.rb:111:in `call'
railties (5.2.1) lib/rails/engine.rb:524:in `call'
puma (3.12.0) lib/puma/configuration.rb:225:in `call'
puma (3.12.0) lib/puma/server.rb:658:in `handle_request'
puma (3.12.0) lib/puma/server.rb:472:in `process_client'
puma (3.12.0) lib/puma/server.rb:332:in `block in run'
puma (3.12.0) lib/puma/thread_pool.rb:133:in `block in spawn_thread'
Started GET "/post/index" for 127.0.0.1 at 2018-09-19 13:43:08 +0900
  
ActionController::RoutingError (No route matches [GET] "/post/index"):
  
actionpack (5.2.1) lib/action_dispatch/middleware/debug_exceptions.rb:65:in `call'
web-console (3.7.0) lib/web_console/middleware.rb:135:in `call_app'
web-console (3.7.0) lib/web_console/middleware.rb:30:in `block in call'
web-console (3.7.0) lib/web_console/middleware.rb:20:in `catch'
web-console (3.7.0) lib/web_console/middleware.rb:20:in `call'
actionpack (5.2.1) lib/action_dispatch/middleware/show_exceptions.rb:33:in `call'
railties (5.2.1) lib/rails/rack/logger.rb:38:in `call_app'
railties (5.2.1) lib/rails/rack/logger.rb:26:in `block in call'
activesupport (5.2.1) lib/active_support/tagged_logging.rb:71:in `block in tagged'
activesupport (5.2.1) lib/active_support/tagged_logging.rb:28:in `tagged'
activesupport (5.2.1) lib/active_support/tagged_logging.rb:71:in `tagged'
railties (5.2.1) lib/rails/rack/logger.rb:26:in `call'
sprockets-rails (3.2.1) lib/sprockets/rails/quiet_assets.rb:13:in `call'
actionpack (5.2.1) lib/action_dispatch/middleware/remote_ip.rb:81:in `call'
actionpack (5.2.1) lib/action_dispatch/middleware/request_id.rb:27:in `call'
rack (2.0.5) lib/rack/method_override.rb:22:in `call'
rack (2.0.5) lib/rack/runtime.rb:22:in `call'
activesupport (5.2.1) lib/active_support/cache/strategy/local_cache_middleware.rb:29:in `call'
actionpack (5.2.1) lib/action_dispatch/middleware/executor.rb:14:in `call'
actionpack (5.2.1) lib/action_dispatch/middleware/static.rb:127:in `call'
rack (2.0.5) lib/rack/sendfile.rb:111:in `call'
railties (5.2.1) lib/rails/engine.rb:524:in `call'
puma (3.12.0) lib/puma/configuration.rb:225:in `call'
puma (3.12.0) lib/puma/server.rb:658:in `handle_request'
puma (3.12.0) lib/puma/server.rb:472:in `process_client'
puma (3.12.0) lib/puma/server.rb:332:in `block in run'
puma (3.12.0) lib/puma/thread_pool.rb:133:in `block in spawn_thread'
Started GET "/posts/index" for 127.0.0.1 at 2018-09-19 13:43:12 +0900
Processing by PostsController#show as HTML
  Parameters: {"id"=>"index"}
  [1m[36mPost Load (0.2ms)[0m  [1m[34mSELECT  "posts".* FROM "posts" WHERE "posts"."id" = ? LIMIT ?[0m  [["id", 0], ["LIMIT", 1]]
  ↳ app/controllers/posts_controller.rb:67
Completed 404 Not Found in 15ms (ActiveRecord: 7.9ms)


  
ActiveRecord::RecordNotFound (Couldn't find Post with 'id'=index):
  
app/controllers/posts_controller.rb:67:in `set_post'
Started GET "/posts" for 127.0.0.1 at 2018-09-19 13:43:26 +0900
Processing by PostsController#index as HTML
  Rendering posts/index.html.erb within layouts/application
  [1m[36mPost Load (0.2ms)[0m  [1m[34mSELECT "posts".* FROM "posts"[0m
  ↳ app/views/posts/index.html.erb:15
  Rendered posts/index.html.erb within layouts/application (2.0ms)
Completed 200 OK in 2099ms (Views: 2097.2ms | ActiveRecord: 0.2ms)


Started GET "/posts/new" for 127.0.0.1 at 2018-09-19 13:43:31 +0900
Processing by PostsController#new as HTML
  Rendering posts/new.html.erb within layouts/application
  Rendered posts/_form.html.erb (55.5ms)
  Rendered posts/new.html.erb within layouts/application (57.2ms)
Completed 200 OK in 96ms (Views: 81.7ms | ActiveRecord: 0.0ms)


Started POST "/posts" for 127.0.0.1 at 2018-09-19 13:43:35 +0900
Processing by PostsController#create as HTML
  Parameters: {"utf8"=>"✓", "authenticity_token"=>"EFAINLfwXg70QmoVbT04wQWBJL+lUVNmcMZ1kCfXa6hzeeMQmQas6jwY2ryDl0mdlzt1uh/ors7xS62ZkvIt6w==", "post"=>{"content"=>"adf", "title"=>"sdf"}, "commit"=>"Create Post"}
  [1m[35m (0.1ms)[0m  [1m[36mbegin transaction[0m
  ↳ app/controllers/posts_controller.rb:30
  [1m[36mPost Create (1.7ms)[0m  [1m[32mINSERT INTO "posts" ("content", "title", "created_at", "updated_at") VALUES (?, ?, ?, ?)[0m  [["content", "adf"], ["title", "sdf"], ["created_at", "2018-09-19 04:43:35.556895"], ["updated_at", "2018-09-19 04:43:35.556895"]]
  ↳ app/controllers/posts_controller.rb:30
  [1m[35m (162.9ms)[0m  [1m[36mcommit transaction[0m
  ↳ app/controllers/posts_controller.rb:30
Redirected to http://localhost:3000/posts/1
Completed 302 Found in 170ms (ActiveRecord: 164.7ms)


Started GET "/posts/1" for 127.0.0.1 at 2018-09-19 13:43:35 +0900
Processing by PostsController#show as HTML
  Parameters: {"id"=>"1"}
  [1m[36mPost Load (0.2ms)[0m  [1m[34mSELECT  "posts".* FROM "posts" WHERE "posts"."id" = ? LIMIT ?[0m  [["id", 1], ["LIMIT", 1]]
  ↳ app/controllers/posts_controller.rb:67
  Rendering posts/show.html.erb within layouts/application
  Rendered posts/show.html.erb within layouts/application (1.0ms)
Completed 200 OK in 44ms (Views: 30.8ms | ActiveRecord: 0.2ms)


Started GET "/posts" for 127.0.0.1 at 2018-09-19 13:43:40 +0900
Processing by PostsController#index as HTML
  Rendering posts/index.html.erb within layouts/application
  [1m[36mPost Load (0.3ms)[0m  [1m[34mSELECT "posts".* FROM "posts"[0m
  ↳ app/views/posts/index.html.erb:15
  Rendered posts/index.html.erb within layouts/application (3.2ms)
Completed 200 OK in 42ms (Views: 39.6ms | ActiveRecord: 0.3ms)


Started GET "/posts/1" for 127.0.0.1 at 2018-09-19 13:43:41 +0900
Processing by PostsController#show as HTML
  Parameters: {"id"=>"1"}
  [1m[36mPost Load (0.2ms)[0m  [1m[34mSELECT  "posts".* FROM "posts" WHERE "posts"."id" = ? LIMIT ?[0m  [["id", 1], ["LIMIT", 1]]
  ↳ app/controllers/posts_controller.rb:67
  Rendering posts/show.html.erb within layouts/application
  Rendered posts/show.html.erb within layouts/application (1.1ms)
Completed 200 OK in 39ms (Views: 36.2ms | ActiveRecord: 0.2ms)


Started GET "/posts" for 127.0.0.1 at 2018-09-19 13:43:42 +0900
Processing by PostsController#index as HTML
  Rendering posts/index.html.erb within layouts/application
  [1m[36mPost Load (0.3ms)[0m  [1m[34mSELECT "posts".* FROM "posts"[0m
  ↳ app/views/posts/index.html.erb:15
  Rendered posts/index.html.erb within layouts/application (3.6ms)
Completed 200 OK in 34ms (Views: 31.7ms | ActiveRecord: 0.3ms)


Started GET "/posts/1/edit" for 127.0.0.1 at 2018-09-19 13:43:44 +0900
Processing by PostsController#edit as HTML
  Parameters: {"id"=>"1"}
  [1m[36mPost Load (0.2ms)[0m  [1m[34mSELECT  "posts".* FROM "posts" WHERE "posts"."id" = ? LIMIT ?[0m  [["id", 1], ["LIMIT", 1]]
  ↳ app/controllers/posts_controller.rb:67
  Rendering posts/edit.html.erb within layouts/application
  Rendered posts/_form.html.erb (3.6ms)
  Rendered posts/edit.html.erb within layouts/application (5.4ms)
Completed 200 OK in 53ms (Views: 49.9ms | ActiveRecord: 0.2ms)


Started PATCH "/posts/1" for 127.0.0.1 at 2018-09-19 13:43:46 +0900
Processing by PostsController#update as HTML
  Parameters: {"utf8"=>"✓", "authenticity_token"=>"fPdlxc7wcd7QqOrDJYFd4U2qq8VgLznwtorfTdDtK3lZD8OkG/Z0xFrnprei0JQP8AhbRz1yKcuyPo2URm3bHA==", "post"=>{"content"=>"adf", "title"=>"sdf"}, "commit"=>"Update Post", "id"=>"1"}
  [1m[36mPost Load (0.2ms)[0m  [1m[34mSELECT  "posts".* FROM "posts" WHERE "posts"."id" = ? LIMIT ?[0m  [["id", 1], ["LIMIT", 1]]
  ↳ app/controllers/posts_controller.rb:67
  [1m[35m (0.1ms)[0m  [1m[36mbegin transaction[0m
  ↳ app/controllers/posts_controller.rb:44
  [1m[35m (0.1ms)[0m  [1m[36mcommit transaction[0m
  ↳ app/controllers/posts_controller.rb:44
Redirected to http://localhost:3000/posts/1
Completed 302 Found in 4ms (ActiveRecord: 0.3ms)


Started GET "/posts/1" for 127.0.0.1 at 2018-09-19 13:43:46 +0900
Processing by PostsController#show as HTML
  Parameters: {"id"=>"1"}
  [1m[36mPost Load (0.2ms)[0m  [1m[34mSELECT  "posts".* FROM "posts" WHERE "posts"."id" = ? LIMIT ?[0m  [["id", 1], ["LIMIT", 1]]
  ↳ app/controllers/posts_controller.rb:67
  Rendering posts/show.html.erb within layouts/application
  Rendered posts/show.html.erb within layouts/application (0.9ms)
Completed 200 OK in 36ms (Views: 33.6ms | ActiveRecord: 0.2ms)


Started GET "/posts" for 127.0.0.1 at 2018-09-19 13:43:49 +0900
Processing by PostsController#index as HTML
  Rendering posts/index.html.erb within layouts/application
  [1m[36mPost Load (0.7ms)[0m  [1m[34mSELECT "posts".* FROM "posts"[0m
  ↳ app/views/posts/index.html.erb:15
  Rendered posts/index.html.erb within layouts/application (3.6ms)
Completed 200 OK in 51ms (Views: 48.7ms | ActiveRecord: 0.7ms)


Started DELETE "/posts/1" for 127.0.0.1 at 2018-09-19 13:43:52 +0900
Processing by PostsController#destroy as HTML
  Parameters: {"authenticity_token"=>"/aZz/hLcYnchiWi2z2bWvUKWsfgIz+JQA5PG8KBM876PZO5AMWo8LCmpcmPgyGB0d/m71uzafc1WvzDHWxZIRg==", "id"=>"1"}
  [1m[36mPost Load (0.2ms)[0m  [1m[34mSELECT  "posts".* FROM "posts" WHERE "posts"."id" = ? LIMIT ?[0m  [["id", 1], ["LIMIT", 1]]
  ↳ app/controllers/posts_controller.rb:67
  [1m[35m (0.1ms)[0m  [1m[36mbegin transaction[0m
  ↳ app/controllers/posts_controller.rb:57
  [1m[36mPost Destroy (0.3ms)[0m  [1m[31mDELETE FROM "posts" WHERE "posts"."id" = ?[0m  [["id", 1]]
  ↳ app/controllers/posts_controller.rb:57
  [1m[35m (98.1ms)[0m  [1m[36mcommit transaction[0m
  ↳ app/controllers/posts_controller.rb:57
Redirected to http://localhost:3000/posts
Completed 302 Found in 106ms (ActiveRecord: 98.7ms)


Started GET "/posts" for 127.0.0.1 at 2018-09-19 13:43:52 +0900
Processing by PostsController#index as HTML
  Rendering posts/index.html.erb within layouts/application
  [1m[36mPost Load (0.3ms)[0m  [1m[34mSELECT "posts".* FROM "posts"[0m
  ↳ app/views/posts/index.html.erb:15
  Rendered posts/index.html.erb within layouts/application (2.1ms)
Completed 200 OK in 31ms (Views: 29.7ms | ActiveRecord: 0.3ms)


Started GET "/" for 127.0.0.1 at 2018-09-19 19:57:23 +0900
  [1m[35m (0.2ms)[0m  [1m[34mSELECT "schema_migrations"."version" FROM "schema_migrations" ORDER BY "schema_migrations"."version" ASC[0m
  ↳ /var/lib/gems/2.5.0/gems/activerecord-5.2.1/lib/active_record/log_subscriber.rb:98
Processing by Rails::WelcomeController#index as HTML
  Rendering /var/lib/gems/2.5.0/gems/railties-5.2.1/lib/rails/templates/rails/welcome/index.html.erb
  Rendered /var/lib/gems/2.5.0/gems/railties-5.2.1/lib/rails/templates/rails/welcome/index.html.erb (11.9ms)
Completed 200 OK in 30ms (Views: 15.7ms | ActiveRecord: 0.0ms)


Started GET "/index" for 127.0.0.1 at 2018-09-19 19:57:27 +0900
  
ActionController::RoutingError (No route matches [GET] "/index"):
  
actionpack (5.2.1) lib/action_dispatch/middleware/debug_exceptions.rb:65:in `call'
web-console (3.7.0) lib/web_console/middleware.rb:135:in `call_app'
web-console (3.7.0) lib/web_console/middleware.rb:30:in `block in call'
web-console (3.7.0) lib/web_console/middleware.rb:20:in `catch'
web-console (3.7.0) lib/web_console/middleware.rb:20:in `call'
actionpack (5.2.1) lib/action_dispatch/middleware/show_exceptions.rb:33:in `call'
railties (5.2.1) lib/rails/rack/logger.rb:38:in `call_app'
railties (5.2.1) lib/rails/rack/logger.rb:26:in `block in call'
activesupport (5.2.1) lib/active_support/tagged_logging.rb:71:in `block in tagged'
activesupport (5.2.1) lib/active_support/tagged_logging.rb:28:in `tagged'
activesupport (5.2.1) lib/active_support/tagged_logging.rb:71:in `tagged'
railties (5.2.1) lib/rails/rack/logger.rb:26:in `call'
sprockets-rails (3.2.1) lib/sprockets/rails/quiet_assets.rb:13:in `call'
actionpack (5.2.1) lib/action_dispatch/middleware/remote_ip.rb:81:in `call'
actionpack (5.2.1) lib/action_dispatch/middleware/request_id.rb:27:in `call'
rack (2.0.5) lib/rack/method_override.rb:22:in `call'
rack (2.0.5) lib/rack/runtime.rb:22:in `call'
activesupport (5.2.1) lib/active_support/cache/strategy/local_cache_middleware.rb:29:in `call'
actionpack (5.2.1) lib/action_dispatch/middleware/executor.rb:14:in `call'
actionpack (5.2.1) lib/action_dispatch/middleware/static.rb:127:in `call'
rack (2.0.5) lib/rack/sendfile.rb:111:in `call'
railties (5.2.1) lib/rails/engine.rb:524:in `call'
puma (3.12.0) lib/puma/configuration.rb:225:in `call'
puma (3.12.0) lib/puma/server.rb:658:in `handle_request'
puma (3.12.0) lib/puma/server.rb:472:in `process_client'
puma (3.12.0) lib/puma/server.rb:332:in `block in run'
puma (3.12.0) lib/puma/thread_pool.rb:133:in `block in spawn_thread'
Started GET "/home" for 127.0.0.1 at 2018-09-19 19:57:34 +0900
  
ActionController::RoutingError (No route matches [GET] "/home"):
  
actionpack (5.2.1) lib/action_dispatch/middleware/debug_exceptions.rb:65:in `call'
web-console (3.7.0) lib/web_console/middleware.rb:135:in `call_app'
web-console (3.7.0) lib/web_console/middleware.rb:30:in `block in call'
web-console (3.7.0) lib/web_console/middleware.rb:20:in `catch'
web-console (3.7.0) lib/web_console/middleware.rb:20:in `call'
actionpack (5.2.1) lib/action_dispatch/middleware/show_exceptions.rb:33:in `call'
railties (5.2.1) lib/rails/rack/logger.rb:38:in `call_app'
railties (5.2.1) lib/rails/rack/logger.rb:26:in `block in call'
activesupport (5.2.1) lib/active_support/tagged_logging.rb:71:in `block in tagged'
activesupport (5.2.1) lib/active_support/tagged_logging.rb:28:in `tagged'
activesupport (5.2.1) lib/active_support/tagged_logging.rb:71:in `tagged'
railties (5.2.1) lib/rails/rack/logger.rb:26:in `call'
sprockets-rails (3.2.1) lib/sprockets/rails/quiet_assets.rb:13:in `call'
actionpack (5.2.1) lib/action_dispatch/middleware/remote_ip.rb:81:in `call'
actionpack (5.2.1) lib/action_dispatch/middleware/request_id.rb:27:in `call'
rack (2.0.5) lib/rack/method_override.rb:22:in `call'
rack (2.0.5) lib/rack/runtime.rb:22:in `call'
activesupport (5.2.1) lib/active_support/cache/strategy/local_cache_middleware.rb:29:in `call'
actionpack (5.2.1) lib/action_dispatch/middleware/executor.rb:14:in `call'
actionpack (5.2.1) lib/action_dispatch/middleware/static.rb:127:in `call'
rack (2.0.5) lib/rack/sendfile.rb:111:in `call'
railties (5.2.1) lib/rails/engine.rb:524:in `call'
puma (3.12.0) lib/puma/configuration.rb:225:in `call'
puma (3.12.0) lib/puma/server.rb:658:in `handle_request'
puma (3.12.0) lib/puma/server.rb:472:in `process_client'
puma (3.12.0) lib/puma/server.rb:332:in `block in run'
puma (3.12.0) lib/puma/thread_pool.rb:133:in `block in spawn_thread'
Started GET "/posts" for 127.0.0.1 at 2018-09-19 19:58:04 +0900
Processing by PostsController#index as HTML
  Rendering posts/index.html.erb within layouts/application
  [1m[36mPost Load (49.4ms)[0m  [1m[34mSELECT "posts".* FROM "posts"[0m
  ↳ app/views/posts/index.html.erb:15
  Rendered posts/index.html.erb within layouts/application (54.1ms)
Completed 200 OK in 469ms (Views: 385.6ms | ActiveRecord: 50.1ms)


Started GET "/posts/new" for 127.0.0.1 at 2018-09-19 19:58:08 +0900
Processing by PostsController#new as HTML
  Rendering posts/new.html.erb within layouts/application
  Rendered posts/_form.html.erb (17.0ms)
  Rendered posts/new.html.erb within layouts/application (18.9ms)
Completed 200 OK in 62ms (Views: 42.0ms | ActiveRecord: 0.7ms)


Started POST "/posts" for 127.0.0.1 at 2018-09-19 19:58:10 +0900
Processing by PostsController#create as HTML
  Parameters: {"utf8"=>"✓", "authenticity_token"=>"ieN5vbaMOUYkRIWwbo4iJ04xB2HhyT0R5flbJ4ITfii+4VUy9d7c6lscLDWjL4EpaXsOcTkD61dkqmpns54yUg==", "post"=>{"content"=>"sadf", "title"=>"asdf"}, "commit"=>"Create Post"}
  [1m[35m (0.1ms)[0m  [1m[36mbegin transaction[0m
  ↳ app/controllers/posts_controller.rb:30
  [1m[36mPost Create (19.2ms)[0m  [1m[32mINSERT INTO "posts" ("content", "title", "created_at", "updated_at") VALUES (?, ?, ?, ?)[0m  [["content", "sadf"], ["title", "asdf"], ["created_at", "2018-09-19 10:58:10.866315"], ["updated_at", "2018-09-19 10:58:10.866315"]]
  ↳ app/controllers/posts_controller.rb:30
  [1m[35m (208.0ms)[0m  [1m[36mcommit transaction[0m
  ↳ app/controllers/posts_controller.rb:30
Redirected to http://localhost:3000/posts/2
Completed 302 Found in 232ms (ActiveRecord: 227.3ms)


Started GET "/posts/2" for 127.0.0.1 at 2018-09-19 19:58:11 +0900
Processing by PostsController#show as HTML
  Parameters: {"id"=>"2"}
  [1m[36mPost Load (0.3ms)[0m  [1m[34mSELECT  "posts".* FROM "posts" WHERE "posts"."id" = ? LIMIT ?[0m  [["id", 2], ["LIMIT", 1]]
  ↳ app/controllers/posts_controller.rb:67
  Rendering posts/show.html.erb within layouts/application
  Rendered posts/show.html.erb within layouts/application (0.9ms)
Completed 200 OK in 53ms (Views: 23.3ms | ActiveRecord: 0.3ms)


Started GET "/posts" for 127.0.0.1 at 2018-09-19 19:58:13 +0900
Processing by PostsController#index as HTML
  Rendering posts/index.html.erb within layouts/application
  [1m[36mPost Load (0.3ms)[0m  [1m[34mSELECT "posts".* FROM "posts"[0m
  ↳ app/views/posts/index.html.erb:15
  Rendered posts/index.html.erb within layouts/application (4.5ms)
Completed 200 OK in 36ms (Views: 34.4ms | ActiveRecord: 0.3ms)


Started GET "/posts/2/edit" for 127.0.0.1 at 2018-09-19 19:58:16 +0900
Processing by PostsController#edit as HTML
  Parameters: {"id"=>"2"}
  [1m[36mPost Load (0.3ms)[0m  [1m[34mSELECT  "posts".* FROM "posts" WHERE "posts"."id" = ? LIMIT ?[0m  [["id", 2], ["LIMIT", 1]]
  ↳ app/controllers/posts_controller.rb:67
  Rendering posts/edit.html.erb within layouts/application
  Rendered posts/_form.html.erb (2.9ms)
  Rendered posts/edit.html.erb within layouts/application (4.7ms)
Completed 200 OK in 53ms (Views: 37.5ms | ActiveRecord: 0.3ms)


Started PATCH "/posts/2" for 127.0.0.1 at 2018-09-19 19:58:18 +0900
Processing by PostsController#update as HTML
  Parameters: {"utf8"=>"✓", "authenticity_token"=>"qp03GcKuS3jITPnZXKyRZtwGr0e7ycfuvloKKfvuiGqCzXwtWjxMRDvwCQ3d2muNnp8pIDB2ZI8rE4hWC9sItQ==", "post"=>{"content"=>"sadf", "title"=>"asdfaaaa"}, "commit"=>"Update Post", "id"=>"2"}
  [1m[36mPost Load (0.2ms)[0m  [1m[34mSELECT  "posts".* FROM "posts" WHERE "posts"."id" = ? LIMIT ?[0m  [["id", 2], ["LIMIT", 1]]
  ↳ app/controllers/posts_controller.rb:67
  [1m[35m (0.1ms)[0m  [1m[36mbegin transaction[0m
  ↳ app/controllers/posts_controller.rb:44
  [1m[36mPost Update (0.3ms)[0m  [1m[33mUPDATE "posts" SET "title" = ?, "updated_at" = ? WHERE "posts"."id" = ?[0m  [["title", "asdfaaaa"], ["updated_at", "2018-09-19 10:58:18.347904"], ["id", 2]]
  ↳ app/controllers/posts_controller.rb:44
  [1m[35m (187.3ms)[0m  [1m[36mcommit transaction[0m
  ↳ app/controllers/posts_controller.rb:44
Redirected to http://localhost:3000/posts/2
Completed 302 Found in 194ms (ActiveRecord: 187.8ms)


Started GET "/posts/2" for 127.0.0.1 at 2018-09-19 19:58:18 +0900
Processing by PostsController#show as HTML
  Parameters: {"id"=>"2"}
  [1m[36mPost Load (0.2ms)[0m  [1m[34mSELECT  "posts".* FROM "posts" WHERE "posts"."id" = ? LIMIT ?[0m  [["id", 2], ["LIMIT", 1]]
  ↳ app/controllers/posts_controller.rb:67
  Rendering posts/show.html.erb within layouts/application
  Rendered posts/show.html.erb within layouts/application (0.9ms)
Completed 200 OK in 29ms (Views: 27.2ms | ActiveRecord: 0.2ms)


Started GET "/posts" for 127.0.0.1 at 2018-09-19 19:58:20 +0900
Processing by PostsController#index as HTML
  Rendering posts/index.html.erb within layouts/application
  [1m[36mPost Load (0.2ms)[0m  [1m[34mSELECT "posts".* FROM "posts"[0m
  ↳ app/views/posts/index.html.erb:15
  Rendered posts/index.html.erb within layouts/application (2.3ms)
Completed 200 OK in 30ms (Views: 28.8ms | ActiveRecord: 0.2ms)


Started DELETE "/posts/2" for 127.0.0.1 at 2018-09-19 19:58:23 +0900
Processing by PostsController#destroy as HTML
  Parameters: {"authenticity_token"=>"qBhV0YT9m/idwUe3i5JNcVCUf7cNrxFM59JuyqDkL6e+986os6DRIOcYIbKB5TwddfWMXTpdAs1GmPGWkrcq6g==", "id"=>"2"}
  [1m[36mPost Load (0.2ms)[0m  [1m[34mSELECT  "posts".* FROM "posts" WHERE "posts"."id" = ? LIMIT ?[0m  [["id", 2], ["LIMIT", 1]]
  ↳ app/controllers/posts_controller.rb:67
  [1m[35m (0.1ms)[0m  [1m[36mbegin transaction[0m
  ↳ app/controllers/posts_controller.rb:57
  [1m[36mPost Destroy (0.9ms)[0m  [1m[31mDELETE FROM "posts" WHERE "posts"."id" = ?[0m  [["id", 2]]
  ↳ app/controllers/posts_controller.rb:57
  [1m[35m (92.8ms)[0m  [1m[36mcommit transaction[0m
  ↳ app/controllers/posts_controller.rb:57
Redirected to http://localhost:3000/posts
Completed 302 Found in 98ms (ActiveRecord: 93.9ms)


Started GET "/posts" for 127.0.0.1 at 2018-09-19 19:58:23 +0900
Processing by PostsController#index as HTML
  Rendering posts/index.html.erb within layouts/application
  [1m[36mPost Load (0.2ms)[0m  [1m[34mSELECT "posts".* FROM "posts"[0m
  ↳ app/views/posts/index.html.erb:15
  Rendered posts/index.html.erb within layouts/application (1.9ms)
Completed 200 OK in 32ms (Views: 30.4ms | ActiveRecord: 0.2ms)


