Started GET "/" for 127.0.0.1 at 2018-09-19 19:12:10 +0900
Processing by Rails::WelcomeController#index as HTML
  Rendering /var/lib/gems/2.5.0/gems/railties-5.2.1/lib/rails/templates/rails/welcome/index.html.erb
  Rendered /var/lib/gems/2.5.0/gems/railties-5.2.1/lib/rails/templates/rails/welcome/index.html.erb (20.7ms)
Completed 200 OK in 65ms (Views: 51.2ms | ActiveRecord: 0.0ms)


Started GET "/d" for 127.0.0.1 at 2018-09-19 19:13:33 +0900
  
ActionController::RoutingError (No route matches [GET] "/d"):
  
actionpack (5.2.1) lib/action_dispatch/middleware/debug_exceptions.rb:65:in `call'
web-console (3.7.0) lib/web_console/middleware.rb:135:in `call_app'
web-console (3.7.0) lib/web_console/middleware.rb:30:in `block in call'
web-console (3.7.0) lib/web_console/middleware.rb:20:in `catch'
web-console (3.7.0) lib/web_console/middleware.rb:20:in `call'
actionpack (5.2.1) lib/action_dispatch/middleware/show_exceptions.rb:33:in `call'
railties (5.2.1) lib/rails/rack/logger.rb:38:in `call_app'
railties (5.2.1) lib/rails/rack/logger.rb:26:in `block in call'
activesupport (5.2.1) lib/active_support/tagged_logging.rb:71:in `block in tagged'
activesupport (5.2.1) lib/active_support/tagged_logging.rb:28:in `tagged'
activesupport (5.2.1) lib/active_support/tagged_logging.rb:71:in `tagged'
railties (5.2.1) lib/rails/rack/logger.rb:26:in `call'
sprockets-rails (3.2.1) lib/sprockets/rails/quiet_assets.rb:13:in `call'
actionpack (5.2.1) lib/action_dispatch/middleware/remote_ip.rb:81:in `call'
actionpack (5.2.1) lib/action_dispatch/middleware/request_id.rb:27:in `call'
rack (2.0.5) lib/rack/method_override.rb:22:in `call'
rack (2.0.5) lib/rack/runtime.rb:22:in `call'
activesupport (5.2.1) lib/active_support/cache/strategy/local_cache_middleware.rb:29:in `call'
actionpack (5.2.1) lib/action_dispatch/middleware/executor.rb:14:in `call'
actionpack (5.2.1) lib/action_dispatch/middleware/static.rb:127:in `call'
rack (2.0.5) lib/rack/sendfile.rb:111:in `call'
railties (5.2.1) lib/rails/engine.rb:524:in `call'
puma (3.12.0) lib/puma/configuration.rb:225:in `call'
puma (3.12.0) lib/puma/server.rb:658:in `handle_request'
puma (3.12.0) lib/puma/server.rb:472:in `process_client'
puma (3.12.0) lib/puma/server.rb:332:in `block in run'
puma (3.12.0) lib/puma/thread_pool.rb:133:in `block in spawn_thread'
Started GET "/index" for 127.0.0.1 at 2018-09-19 19:21:35 +0900
  
ActionController::RoutingError (No route matches [GET] "/index"):
  
actionpack (5.2.1) lib/action_dispatch/middleware/debug_exceptions.rb:65:in `call'
web-console (3.7.0) lib/web_console/middleware.rb:135:in `call_app'
web-console (3.7.0) lib/web_console/middleware.rb:30:in `block in call'
web-console (3.7.0) lib/web_console/middleware.rb:20:in `catch'
web-console (3.7.0) lib/web_console/middleware.rb:20:in `call'
actionpack (5.2.1) lib/action_dispatch/middleware/show_exceptions.rb:33:in `call'
railties (5.2.1) lib/rails/rack/logger.rb:38:in `call_app'
railties (5.2.1) lib/rails/rack/logger.rb:26:in `block in call'
activesupport (5.2.1) lib/active_support/tagged_logging.rb:71:in `block in tagged'
activesupport (5.2.1) lib/active_support/tagged_logging.rb:28:in `tagged'
activesupport (5.2.1) lib/active_support/tagged_logging.rb:71:in `tagged'
railties (5.2.1) lib/rails/rack/logger.rb:26:in `call'
sprockets-rails (3.2.1) lib/sprockets/rails/quiet_assets.rb:13:in `call'
actionpack (5.2.1) lib/action_dispatch/middleware/remote_ip.rb:81:in `call'
actionpack (5.2.1) lib/action_dispatch/middleware/request_id.rb:27:in `call'
rack (2.0.5) lib/rack/method_override.rb:22:in `call'
rack (2.0.5) lib/rack/runtime.rb:22:in `call'
activesupport (5.2.1) lib/active_support/cache/strategy/local_cache_middleware.rb:29:in `call'
actionpack (5.2.1) lib/action_dispatch/middleware/executor.rb:14:in `call'
actionpack (5.2.1) lib/action_dispatch/middleware/static.rb:127:in `call'
rack (2.0.5) lib/rack/sendfile.rb:111:in `call'
railties (5.2.1) lib/rails/engine.rb:524:in `call'
puma (3.12.0) lib/puma/configuration.rb:225:in `call'
puma (3.12.0) lib/puma/server.rb:658:in `handle_request'
puma (3.12.0) lib/puma/server.rb:472:in `process_client'
puma (3.12.0) lib/puma/server.rb:332:in `block in run'
puma (3.12.0) lib/puma/thread_pool.rb:133:in `block in spawn_thread'
Started GET "/index" for 127.0.0.1 at 2018-09-19 19:24:02 +0900
Processing by ControlController#index as HTML
  Rendering control/index.erb within layouts/application
  Rendered control/index.erb within layouts/application (0.4ms)
Completed 200 OK in 1948ms (Views: 1947.0ms | ActiveRecord: 0.0ms)


Started GET "/index" for 127.0.0.1 at 2018-09-19 19:24:30 +0900
Processing by ControlController#index as HTML
  Rendering control/index.erb within layouts/application
  Rendered control/index.erb within layouts/application (0.4ms)
Completed 200 OK in 23ms (Views: 21.2ms | ActiveRecord: 0.0ms)


Started GET "/index" for 127.0.0.1 at 2018-09-19 19:24:49 +0900
Processing by ControlController#index as HTML
  Rendering control/index.erb within layouts/application
  Rendered control/index.erb within layouts/application (0.5ms)
Completed 200 OK in 31ms (Views: 28.5ms | ActiveRecord: 0.0ms)


Started GET "/index" for 127.0.0.1 at 2018-09-19 19:26:43 +0900
Processing by ControlController#index as HTML
  Rendering control/index.erb within layouts/application
  Rendered control/index.erb within layouts/application (0.5ms)
Completed 200 OK in 23ms (Views: 22.1ms | ActiveRecord: 0.0ms)


Started GET "/index" for 127.0.0.1 at 2018-09-19 19:26:54 +0900
Processing by ControlController#index as HTML
  Rendering control/index.erb within layouts/application
  Rendered control/index.erb within layouts/application (0.4ms)
Completed 200 OK in 29ms (Views: 27.6ms | ActiveRecord: 0.0ms)


Started GET "/" for 127.0.0.1 at 2018-09-19 19:26:56 +0900
Processing by Rails::WelcomeController#index as HTML
  Rendering /var/lib/gems/2.5.0/gems/railties-5.2.1/lib/rails/templates/rails/welcome/index.html.erb
  Rendered /var/lib/gems/2.5.0/gems/railties-5.2.1/lib/rails/templates/rails/welcome/index.html.erb (3.5ms)
Completed 200 OK in 7ms (Views: 5.8ms | ActiveRecord: 0.0ms)


Started GET "/" for 127.0.0.1 at 2018-09-19 19:26:56 +0900
Processing by Rails::WelcomeController#index as HTML
  Rendering /var/lib/gems/2.5.0/gems/railties-5.2.1/lib/rails/templates/rails/welcome/index.html.erb
  Rendered /var/lib/gems/2.5.0/gems/railties-5.2.1/lib/rails/templates/rails/welcome/index.html.erb (3.7ms)
Completed 200 OK in 9ms (Views: 7.1ms | ActiveRecord: 0.0ms)


Started GET "/index" for 127.0.0.1 at 2018-09-19 19:27:04 +0900
Processing by ControlController#index as HTML
  Rendering control/index.erb within layouts/application
  Rendered control/index.erb within layouts/application (0.5ms)
Completed 200 OK in 32ms (Views: 30.7ms | ActiveRecord: 0.0ms)


Started GET "/index" for 127.0.0.1 at 2018-09-19 19:31:39 +0900
Processing by ControlController#index as HTML
  Rendering control/index.erb within layouts/application
  Rendered control/index.erb within layouts/application (0.7ms)
Completed 200 OK in 39ms (Views: 37.2ms | ActiveRecord: 0.0ms)


Started GET "/index" for 127.0.0.1 at 2018-09-19 19:32:05 +0900
Processing by ControlController#index as HTML
  Rendering control/index.erb within layouts/application
  Rendered control/index.erb within layouts/application (328.4ms)
Completed 500 Internal Server Error in 332ms (ActiveRecord: 0.0ms)


  
ActionView::Template::Error (undefined local variable or method `r' for #<#<Class:0x00007f1e3005e308>:0x00007f1e0c007e50>):
    1: <a href="/"> hi </a>
    2: <%= r %>
  
app/views/control/index.erb:2:in `_app_views_control_index_erb___4297874173572336928_69883815720440'
Started GET "/index" for 127.0.0.1 at 2018-09-19 19:32:25 +0900
Processing by ControlController#index as HTML
  Rendering control/index.erb within layouts/application
  Rendered control/index.erb within layouts/application (4.6ms)
Completed 500 Internal Server Error in 9ms (ActiveRecord: 0.0ms)


  
ActionView::Template::Error (uninitialized class variable @@r in ActionView::CompiledTemplates):
    1: <a href="/"> hi </a>
    2: <%= @@r %>
  
app/views/control/index.erb:2:in `_app_views_control_index_erb___4297874173572336928_69883620862940'
Started GET "/index" for 127.0.0.1 at 2018-09-19 19:41:34 +0900
Processing by ControlController#index as HTML
  Rendering control/index.erb within layouts/application
  Rendered control/index.erb within layouts/application (0.7ms)
Completed 200 OK in 29ms (Views: 26.7ms | ActiveRecord: 0.0ms)


Started GET "/index" for 127.0.0.1 at 2018-09-19 19:41:56 +0900
Processing by ControlController#index as HTML
  Rendering control/index.erb within layouts/application
  Rendered control/index.erb within layouts/application (0.5ms)
Completed 200 OK in 37ms (Views: 36.0ms | ActiveRecord: 0.0ms)


Started GET "/index?test=asdASDF" for 127.0.0.1 at 2018-09-19 19:41:59 +0900
Processing by ControlController#index as HTML
  Parameters: {"test"=>"asdASDF"}
  Rendering control/index.erb within layouts/application
  Rendered control/index.erb within layouts/application (0.9ms)
Completed 200 OK in 43ms (Views: 41.5ms | ActiveRecord: 0.0ms)


Started GET "/index?test=asdASDF" for 127.0.0.1 at 2018-09-19 19:42:48 +0900
Processing by ControlController#index as HTML
  Parameters: {"test"=>"asdASDF"}
  Rendering control/index.erb within layouts/application
  Rendered control/index.erb within layouts/application (0.5ms)
Completed 200 OK in 32ms (Views: 30.8ms | ActiveRecord: 0.0ms)


Started GET "/index?test=asdf&test=sadfasf" for 127.0.0.1 at 2018-09-19 19:42:51 +0900
Processing by ControlController#index as HTML
  Parameters: {"test"=>"sadfasf"}
  Rendering control/index.erb within layouts/application
  Rendered control/index.erb within layouts/application (0.6ms)
Completed 200 OK in 32ms (Views: 30.6ms | ActiveRecord: 0.0ms)


Started GET "/index?test=1&test=2" for 127.0.0.1 at 2018-09-19 19:43:02 +0900
Processing by ControlController#index as HTML
  Parameters: {"test"=>"2"}
  Rendering control/index.erb within layouts/application
  Rendered control/index.erb within layouts/application (0.5ms)
Completed 200 OK in 37ms (Views: 36.2ms | ActiveRecord: 0.0ms)


Started GET "/index?test=1&test=2" for 127.0.0.1 at 2018-09-19 19:45:37 +0900
Processing by ControlController#index as HTML
  Parameters: {"test"=>"2"}
  Rendering control/index.erb within layouts/application
  Rendered control/index.erb within layouts/application (1.0ms)
Completed 200 OK in 37ms (Views: 35.4ms | ActiveRecord: 0.0ms)


Started GET "/index?test=&test=&asdf=" for 127.0.0.1 at 2018-09-19 19:45:40 +0900
Processing by ControlController#index as HTML
  Parameters: {"test"=>"", "asdf"=>""}
  Rendering control/index.erb within layouts/application
  Rendered control/index.erb within layouts/application (1.0ms)
Completed 200 OK in 55ms (Views: 53.0ms | ActiveRecord: 0.0ms)


Started GET "/index?test=&test=&asdf=Array-Loop.js" for 127.0.0.1 at 2018-09-19 19:45:48 +0900
Processing by ControlController#index as HTML
  Parameters: {"test"=>"", "asdf"=>"Array-Loop.js"}
  Rendering control/index.erb within layouts/application
  Rendered control/index.erb within layouts/application (0.5ms)
Completed 200 OK in 22ms (Views: 21.2ms | ActiveRecord: 0.0ms)


  [1m[35m (0.1ms)[0m  [1m[34mSELECT sqlite_version(*)[0m
  ↳ /usr/lib/ruby/vendor_ruby/rake/task.rb:271
  [1m[35m (97.2ms)[0m  [1m[35mCREATE TABLE "schema_migrations" ("version" varchar NOT NULL PRIMARY KEY)[0m
  ↳ /usr/lib/ruby/vendor_ruby/rake/task.rb:271
  [1m[35m (86.0ms)[0m  [1m[35mCREATE TABLE "ar_internal_metadata" ("key" varchar NOT NULL PRIMARY KEY, "value" varchar, "created_at" datetime NOT NULL, "updated_at" datetime NOT NULL)[0m
  ↳ /usr/lib/ruby/vendor_ruby/rake/task.rb:271
  [1m[35m (0.2ms)[0m  [1m[34mSELECT "schema_migrations"."version" FROM "schema_migrations" ORDER BY "schema_migrations"."version" ASC[0m
  ↳ /usr/lib/ruby/vendor_ruby/rake/task.rb:271
Migrating to CreateMelonas (20180919104654)
  [1m[35m (0.1ms)[0m  [1m[36mbegin transaction[0m
  ↳ /usr/lib/ruby/vendor_ruby/rake/task.rb:271
  [1m[35m (2.6ms)[0m  [1m[35mCREATE TABLE "melonas" ("id" integer PRIMARY KEY AUTOINCREMENT NOT NULL, "name" varchar, "content" varchar, "created_at" datetime NOT NULL, "updated_at" datetime NOT NULL)[0m
  ↳ db/migrate/20180919104654_create_melonas.rb:3
  [1m[36mActiveRecord::SchemaMigration Create (0.3ms)[0m  [1m[32mINSERT INTO "schema_migrations" ("version") VALUES (?)[0m  [["version", "20180919104654"]]
  ↳ /usr/lib/ruby/vendor_ruby/rake/task.rb:271
  [1m[35m (85.5ms)[0m  [1m[36mcommit transaction[0m
  ↳ /usr/lib/ruby/vendor_ruby/rake/task.rb:271
  [1m[36mActiveRecord::InternalMetadata Load (0.3ms)[0m  [1m[34mSELECT  "ar_internal_metadata".* FROM "ar_internal_metadata" WHERE "ar_internal_metadata"."key" = ? LIMIT ?[0m  [["key", "environment"], ["LIMIT", 1]]
  ↳ /usr/lib/ruby/vendor_ruby/rake/task.rb:271
  [1m[35m (0.1ms)[0m  [1m[36mbegin transaction[0m
  ↳ /usr/lib/ruby/vendor_ruby/rake/task.rb:271
  [1m[36mActiveRecord::InternalMetadata Create (1.6ms)[0m  [1m[32mINSERT INTO "ar_internal_metadata" ("key", "value", "created_at", "updated_at") VALUES (?, ?, ?, ?)[0m  [["key", "environment"], ["value", "development"], ["created_at", "2018-09-19 10:52:48.631004"], ["updated_at", "2018-09-19 10:52:48.631004"]]
  ↳ /usr/lib/ruby/vendor_ruby/rake/task.rb:271
  [1m[35m (53.6ms)[0m  [1m[36mcommit transaction[0m
  ↳ /usr/lib/ruby/vendor_ruby/rake/task.rb:271
  [1m[35m (0.2ms)[0m  [1m[34mSELECT "schema_migrations"."version" FROM "schema_migrations" ORDER BY "schema_migrations"."version" ASC[0m
  ↳ /usr/lib/ruby/vendor_ruby/rake/task.rb:271
