Started GET "/" for 127.0.0.1 at 2018-09-18 23:53:22 +0900
Processing by Rails::WelcomeController#index as HTML
  Rendering /var/lib/gems/2.5.0/gems/railties-5.2.1/lib/rails/templates/rails/welcome/index.html.erb
  Rendered /var/lib/gems/2.5.0/gems/railties-5.2.1/lib/rails/templates/rails/welcome/index.html.erb (40.3ms)
Completed 200 OK in 133ms (Views: 106.0ms | ActiveRecord: 0.0ms)


Started GET "/index" for 127.0.0.1 at 2018-09-18 23:53:26 +0900
Processing by HomeController#index as HTML
  Rendering home/index.erb within layouts/application
  Rendered home/index.erb within layouts/application (0.5ms)
Completed 200 OK in 3462ms (Views: 3460.3ms | ActiveRecord: 0.0ms)


Started GET "/index" for 127.0.0.1 at 2018-09-18 23:54:37 +0900
Processing by HomeController#index as HTML
  Rendering home/index.erb within layouts/application
  Rendered home/index.erb within layouts/application (0.4ms)
Completed 200 OK in 24ms (Views: 22.2ms | ActiveRecord: 0.0ms)


Started GET "/index" for 127.0.0.1 at 2018-09-18 23:56:35 +0900
Processing by HomeController#index as HTML
  Rendering home/index.erb within layouts/application
  Rendered home/index.erb within layouts/application (0.5ms)
Completed 200 OK in 27ms (Views: 25.4ms | ActiveRecord: 0.0ms)


Started GET "/write" for 127.0.0.1 at 2018-09-18 23:56:37 +0900
Processing by HomeController#write as HTML
  Rendering home/write.erb within layouts/application
  Rendered home/write.erb within layouts/application (0.4ms)
Completed 200 OK in 35ms (Views: 33.8ms | ActiveRecord: 0.0ms)


Started GET "/index" for 127.0.0.1 at 2018-09-18 23:57:27 +0900
Processing by HomeController#index as HTML
  Rendering home/index.erb within layouts/application
  Rendered home/index.erb within layouts/application (0.4ms)
Completed 200 OK in 40ms (Views: 38.4ms | ActiveRecord: 0.0ms)


Started GET "/write" for 127.0.0.1 at 2018-09-18 23:57:29 +0900
Processing by HomeController#write as HTML
  Rendering home/write.erb within layouts/application
  Rendered home/write.erb within layouts/application (0.6ms)
Completed 200 OK in 42ms (Views: 40.3ms | ActiveRecord: 0.0ms)


Started GET "/index" for 127.0.0.1 at 2018-09-18 23:57:30 +0900
Processing by HomeController#index as HTML
  Rendering home/index.erb within layouts/application
  Rendered home/index.erb within layouts/application (0.5ms)
Completed 200 OK in 45ms (Views: 43.8ms | ActiveRecord: 0.0ms)


Started GET "/write" for 127.0.0.1 at 2018-09-18 23:57:31 +0900
Processing by HomeController#write as HTML
  Rendering home/write.erb within layouts/application
  Rendered home/write.erb within layouts/application (0.5ms)
Completed 200 OK in 48ms (Views: 46.8ms | ActiveRecord: 0.0ms)


Started GET "/index" for 127.0.0.1 at 2018-09-18 23:57:31 +0900
Processing by HomeController#index as HTML
  Rendering home/index.erb within layouts/application
  Rendered home/index.erb within layouts/application (0.5ms)
Completed 200 OK in 70ms (Views: 54.3ms | ActiveRecord: 0.0ms)


Started GET "/write" for 127.0.0.1 at 2018-09-18 23:57:32 +0900
Processing by HomeController#write as HTML
  Rendering home/write.erb within layouts/application
  Rendered home/write.erb within layouts/application (0.4ms)
Completed 200 OK in 56ms (Views: 54.8ms | ActiveRecord: 0.0ms)


Started GET "/index" for 127.0.0.1 at 2018-09-18 23:57:32 +0900
Processing by HomeController#index as HTML
  Rendering home/index.erb within layouts/application
  Rendered home/index.erb within layouts/application (0.4ms)
Completed 200 OK in 43ms (Views: 42.0ms | ActiveRecord: 0.0ms)


Started GET "/write" for 127.0.0.1 at 2018-09-19 00:00:46 +0900
Processing by HomeController#write as HTML
  Rendering home/write.erb within layouts/application
  Rendered home/write.erb within layouts/application (0.5ms)
Completed 200 OK in 46ms (Views: 44.8ms | ActiveRecord: 0.0ms)


Started GET "/write" for 127.0.0.1 at 2018-09-19 00:01:15 +0900
Processing by HomeController#write as HTML
  Rendering home/write.erb within layouts/application
  Rendered home/write.erb within layouts/application (0.4ms)
Completed 200 OK in 28ms (Views: 26.9ms | ActiveRecord: 0.0ms)


Started GET "/write" for 127.0.0.1 at 2018-09-19 00:01:42 +0900
Processing by HomeController#write as HTML
  Rendering home/write.erb within layouts/application
  Rendered home/write.erb within layouts/application (0.5ms)
Completed 200 OK in 45ms (Views: 43.8ms | ActiveRecord: 0.0ms)


Started POST "/create" for 127.0.0.1 at 2018-09-19 00:04:03 +0900
Processing by HomeController#create as HTML
  Parameters: {"title"=>"", "content"=>""}
Can't verify CSRF token authenticity.
Completed 422 Unprocessable Entity in 1ms (ActiveRecord: 0.0ms)


  
ActionController::InvalidAuthenticityToken (ActionController::InvalidAuthenticityToken):
  
actionpack (5.2.1) lib/action_controller/metal/request_forgery_protection.rb:211:in `handle_unverified_request'
actionpack (5.2.1) lib/action_controller/metal/request_forgery_protection.rb:243:in `handle_unverified_request'
actionpack (5.2.1) lib/action_controller/metal/request_forgery_protection.rb:238:in `verify_authenticity_token'
activesupport (5.2.1) lib/active_support/callbacks.rb:426:in `block in make_lambda'
activesupport (5.2.1) lib/active_support/callbacks.rb:198:in `block (2 levels) in halting'
actionpack (5.2.1) lib/abstract_controller/callbacks.rb:34:in `block (2 levels) in <module:Callbacks>'
activesupport (5.2.1) lib/active_support/callbacks.rb:199:in `block in halting'
activesupport (5.2.1) lib/active_support/callbacks.rb:513:in `block in invoke_before'
activesupport (5.2.1) lib/active_support/callbacks.rb:513:in `each'
activesupport (5.2.1) lib/active_support/callbacks.rb:513:in `invoke_before'
activesupport (5.2.1) lib/active_support/callbacks.rb:131:in `run_callbacks'
actionpack (5.2.1) lib/abstract_controller/callbacks.rb:41:in `process_action'
actionpack (5.2.1) lib/action_controller/metal/rescue.rb:22:in `process_action'
actionpack (5.2.1) lib/action_controller/metal/instrumentation.rb:34:in `block in process_action'
activesupport (5.2.1) lib/active_support/notifications.rb:168:in `block in instrument'
activesupport (5.2.1) lib/active_support/notifications/instrumenter.rb:23:in `instrument'
activesupport (5.2.1) lib/active_support/notifications.rb:168:in `instrument'
actionpack (5.2.1) lib/action_controller/metal/instrumentation.rb:32:in `process_action'
actionpack (5.2.1) lib/action_controller/metal/params_wrapper.rb:256:in `process_action'
activerecord (5.2.1) lib/active_record/railties/controller_runtime.rb:24:in `process_action'
actionpack (5.2.1) lib/abstract_controller/base.rb:134:in `process'
actionview (5.2.1) lib/action_view/rendering.rb:32:in `process'
actionpack (5.2.1) lib/action_controller/metal.rb:191:in `dispatch'
actionpack (5.2.1) lib/action_controller/metal.rb:252:in `dispatch'
actionpack (5.2.1) lib/action_dispatch/routing/route_set.rb:52:in `dispatch'
actionpack (5.2.1) lib/action_dispatch/routing/route_set.rb:34:in `serve'
actionpack (5.2.1) lib/action_dispatch/journey/router.rb:52:in `block in serve'
actionpack (5.2.1) lib/action_dispatch/journey/router.rb:35:in `each'
actionpack (5.2.1) lib/action_dispatch/journey/router.rb:35:in `serve'
actionpack (5.2.1) lib/action_dispatch/routing/route_set.rb:840:in `call'
rack (2.0.5) lib/rack/tempfile_reaper.rb:15:in `call'
rack (2.0.5) lib/rack/etag.rb:25:in `call'
rack (2.0.5) lib/rack/conditional_get.rb:38:in `call'
rack (2.0.5) lib/rack/head.rb:12:in `call'
actionpack (5.2.1) lib/action_dispatch/http/content_security_policy.rb:18:in `call'
rack (2.0.5) lib/rack/session/abstract/id.rb:232:in `context'
rack (2.0.5) lib/rack/session/abstract/id.rb:226:in `call'
actionpack (5.2.1) lib/action_dispatch/middleware/cookies.rb:670:in `call'
activerecord (5.2.1) lib/active_record/migration.rb:559:in `call'
actionpack (5.2.1) lib/action_dispatch/middleware/callbacks.rb:28:in `block in call'
activesupport (5.2.1) lib/active_support/callbacks.rb:98:in `run_callbacks'
actionpack (5.2.1) lib/action_dispatch/middleware/callbacks.rb:26:in `call'
actionpack (5.2.1) lib/action_dispatch/middleware/executor.rb:14:in `call'
actionpack (5.2.1) lib/action_dispatch/middleware/debug_exceptions.rb:61:in `call'
web-console (3.7.0) lib/web_console/middleware.rb:135:in `call_app'
web-console (3.7.0) lib/web_console/middleware.rb:30:in `block in call'
web-console (3.7.0) lib/web_console/middleware.rb:20:in `catch'
web-console (3.7.0) lib/web_console/middleware.rb:20:in `call'
actionpack (5.2.1) lib/action_dispatch/middleware/show_exceptions.rb:33:in `call'
railties (5.2.1) lib/rails/rack/logger.rb:38:in `call_app'
railties (5.2.1) lib/rails/rack/logger.rb:26:in `block in call'
activesupport (5.2.1) lib/active_support/tagged_logging.rb:71:in `block in tagged'
activesupport (5.2.1) lib/active_support/tagged_logging.rb:28:in `tagged'
activesupport (5.2.1) lib/active_support/tagged_logging.rb:71:in `tagged'
railties (5.2.1) lib/rails/rack/logger.rb:26:in `call'
sprockets-rails (3.2.1) lib/sprockets/rails/quiet_assets.rb:13:in `call'
actionpack (5.2.1) lib/action_dispatch/middleware/remote_ip.rb:81:in `call'
actionpack (5.2.1) lib/action_dispatch/middleware/request_id.rb:27:in `call'
rack (2.0.5) lib/rack/method_override.rb:22:in `call'
rack (2.0.5) lib/rack/runtime.rb:22:in `call'
activesupport (5.2.1) lib/active_support/cache/strategy/local_cache_middleware.rb:29:in `call'
actionpack (5.2.1) lib/action_dispatch/middleware/executor.rb:14:in `call'
actionpack (5.2.1) lib/action_dispatch/middleware/static.rb:127:in `call'
rack (2.0.5) lib/rack/sendfile.rb:111:in `call'
railties (5.2.1) lib/rails/engine.rb:524:in `call'
puma (3.12.0) lib/puma/configuration.rb:225:in `call'
puma (3.12.0) lib/puma/server.rb:658:in `handle_request'
puma (3.12.0) lib/puma/server.rb:472:in `process_client'
puma (3.12.0) lib/puma/server.rb:332:in `block in run'
puma (3.12.0) lib/puma/thread_pool.rb:133:in `block in spawn_thread'
Started POST "/create" for 127.0.0.1 at 2018-09-19 00:06:23 +0900
  
ActionController::RoutingError (undefined method `skip_before_filter' for ApplicationController:Class
Did you mean?  skip_before_action):
  
app/controllers/application_controller.rb:3:in `<class:ApplicationController>'
app/controllers/application_controller.rb:1:in `<main>'
app/controllers/home_controller.rb:1:in `<main>'
Started POST "/create" for 127.0.0.1 at 2018-09-19 00:06:47 +0900
Processing by HomeController#create as HTML
  Parameters: {"title"=>"", "content"=>""}
Can't verify CSRF token authenticity.
Completed 422 Unprocessable Entity in 1ms (ActiveRecord: 0.0ms)


  
ActionController::InvalidAuthenticityToken (ActionController::InvalidAuthenticityToken):
  
actionpack (5.2.1) lib/action_controller/metal/request_forgery_protection.rb:211:in `handle_unverified_request'
actionpack (5.2.1) lib/action_controller/metal/request_forgery_protection.rb:243:in `handle_unverified_request'
actionpack (5.2.1) lib/action_controller/metal/request_forgery_protection.rb:238:in `verify_authenticity_token'
activesupport (5.2.1) lib/active_support/callbacks.rb:426:in `block in make_lambda'
activesupport (5.2.1) lib/active_support/callbacks.rb:198:in `block (2 levels) in halting'
actionpack (5.2.1) lib/abstract_controller/callbacks.rb:34:in `block (2 levels) in <module:Callbacks>'
activesupport (5.2.1) lib/active_support/callbacks.rb:199:in `block in halting'
activesupport (5.2.1) lib/active_support/callbacks.rb:513:in `block in invoke_before'
activesupport (5.2.1) lib/active_support/callbacks.rb:513:in `each'
activesupport (5.2.1) lib/active_support/callbacks.rb:513:in `invoke_before'
activesupport (5.2.1) lib/active_support/callbacks.rb:131:in `run_callbacks'
actionpack (5.2.1) lib/abstract_controller/callbacks.rb:41:in `process_action'
actionpack (5.2.1) lib/action_controller/metal/rescue.rb:22:in `process_action'
actionpack (5.2.1) lib/action_controller/metal/instrumentation.rb:34:in `block in process_action'
activesupport (5.2.1) lib/active_support/notifications.rb:168:in `block in instrument'
activesupport (5.2.1) lib/active_support/notifications/instrumenter.rb:23:in `instrument'
activesupport (5.2.1) lib/active_support/notifications.rb:168:in `instrument'
actionpack (5.2.1) lib/action_controller/metal/instrumentation.rb:32:in `process_action'
actionpack (5.2.1) lib/action_controller/metal/params_wrapper.rb:256:in `process_action'
activerecord (5.2.1) lib/active_record/railties/controller_runtime.rb:24:in `process_action'
actionpack (5.2.1) lib/abstract_controller/base.rb:134:in `process'
actionview (5.2.1) lib/action_view/rendering.rb:32:in `process'
actionpack (5.2.1) lib/action_controller/metal.rb:191:in `dispatch'
actionpack (5.2.1) lib/action_controller/metal.rb:252:in `dispatch'
actionpack (5.2.1) lib/action_dispatch/routing/route_set.rb:52:in `dispatch'
actionpack (5.2.1) lib/action_dispatch/routing/route_set.rb:34:in `serve'
actionpack (5.2.1) lib/action_dispatch/journey/router.rb:52:in `block in serve'
actionpack (5.2.1) lib/action_dispatch/journey/router.rb:35:in `each'
actionpack (5.2.1) lib/action_dispatch/journey/router.rb:35:in `serve'
actionpack (5.2.1) lib/action_dispatch/routing/route_set.rb:840:in `call'
rack (2.0.5) lib/rack/tempfile_reaper.rb:15:in `call'
rack (2.0.5) lib/rack/etag.rb:25:in `call'
rack (2.0.5) lib/rack/conditional_get.rb:38:in `call'
rack (2.0.5) lib/rack/head.rb:12:in `call'
actionpack (5.2.1) lib/action_dispatch/http/content_security_policy.rb:18:in `call'
rack (2.0.5) lib/rack/session/abstract/id.rb:232:in `context'
rack (2.0.5) lib/rack/session/abstract/id.rb:226:in `call'
actionpack (5.2.1) lib/action_dispatch/middleware/cookies.rb:670:in `call'
activerecord (5.2.1) lib/active_record/migration.rb:559:in `call'
actionpack (5.2.1) lib/action_dispatch/middleware/callbacks.rb:28:in `block in call'
activesupport (5.2.1) lib/active_support/callbacks.rb:98:in `run_callbacks'
actionpack (5.2.1) lib/action_dispatch/middleware/callbacks.rb:26:in `call'
actionpack (5.2.1) lib/action_dispatch/middleware/executor.rb:14:in `call'
actionpack (5.2.1) lib/action_dispatch/middleware/debug_exceptions.rb:61:in `call'
web-console (3.7.0) lib/web_console/middleware.rb:135:in `call_app'
web-console (3.7.0) lib/web_console/middleware.rb:30:in `block in call'
web-console (3.7.0) lib/web_console/middleware.rb:20:in `catch'
web-console (3.7.0) lib/web_console/middleware.rb:20:in `call'
actionpack (5.2.1) lib/action_dispatch/middleware/show_exceptions.rb:33:in `call'
railties (5.2.1) lib/rails/rack/logger.rb:38:in `call_app'
railties (5.2.1) lib/rails/rack/logger.rb:26:in `block in call'
activesupport (5.2.1) lib/active_support/tagged_logging.rb:71:in `block in tagged'
activesupport (5.2.1) lib/active_support/tagged_logging.rb:28:in `tagged'
activesupport (5.2.1) lib/active_support/tagged_logging.rb:71:in `tagged'
railties (5.2.1) lib/rails/rack/logger.rb:26:in `call'
sprockets-rails (3.2.1) lib/sprockets/rails/quiet_assets.rb:13:in `call'
actionpack (5.2.1) lib/action_dispatch/middleware/remote_ip.rb:81:in `call'
actionpack (5.2.1) lib/action_dispatch/middleware/request_id.rb:27:in `call'
rack (2.0.5) lib/rack/method_override.rb:22:in `call'
rack (2.0.5) lib/rack/runtime.rb:22:in `call'
activesupport (5.2.1) lib/active_support/cache/strategy/local_cache_middleware.rb:29:in `call'
actionpack (5.2.1) lib/action_dispatch/middleware/executor.rb:14:in `call'
actionpack (5.2.1) lib/action_dispatch/middleware/static.rb:127:in `call'
rack (2.0.5) lib/rack/sendfile.rb:111:in `call'
railties (5.2.1) lib/rails/engine.rb:524:in `call'
puma (3.12.0) lib/puma/configuration.rb:225:in `call'
puma (3.12.0) lib/puma/server.rb:658:in `handle_request'
puma (3.12.0) lib/puma/server.rb:472:in `process_client'
puma (3.12.0) lib/puma/server.rb:332:in `block in run'
puma (3.12.0) lib/puma/thread_pool.rb:133:in `block in spawn_thread'
Started POST "/create" for 127.0.0.1 at 2018-09-19 00:07:11 +0900
Processing by HomeController#create as HTML
  Parameters: {"title"=>"", "content"=>""}
Can't verify CSRF token authenticity.
No template found for HomeController#create, rendering head :no_content
Completed 204 No Content in 25ms (ActiveRecord: 0.0ms)


Started POST "/create" for 127.0.0.1 at 2018-09-19 00:07:13 +0900
Processing by HomeController#create as HTML
  Parameters: {"title"=>"", "content"=>""}
Can't verify CSRF token authenticity.
No template found for HomeController#create, rendering head :no_content
Completed 204 No Content in 30ms (ActiveRecord: 0.0ms)


Started POST "/create" for 127.0.0.1 at 2018-09-19 00:07:14 +0900
Processing by HomeController#create as HTML
  Parameters: {"title"=>"", "content"=>""}
Can't verify CSRF token authenticity.
No template found for HomeController#create, rendering head :no_content
Completed 204 No Content in 25ms (ActiveRecord: 0.0ms)


Started POST "/create" for 127.0.0.1 at 2018-09-19 00:07:15 +0900
Processing by HomeController#create as HTML
  Parameters: {"title"=>"", "content"=>""}
Can't verify CSRF token authenticity.
No template found for HomeController#create, rendering head :no_content
Completed 204 No Content in 29ms (ActiveRecord: 0.0ms)


Started POST "/create" for 127.0.0.1 at 2018-09-19 00:07:16 +0900
Processing by HomeController#create as HTML
  Parameters: {"title"=>"", "content"=>""}
Can't verify CSRF token authenticity.
No template found for HomeController#create, rendering head :no_content
Completed 204 No Content in 25ms (ActiveRecord: 0.0ms)


Started POST "/create" for 127.0.0.1 at 2018-09-19 00:07:16 +0900
Processing by HomeController#create as HTML
  Parameters: {"title"=>"", "content"=>""}
Can't verify CSRF token authenticity.
No template found for HomeController#create, rendering head :no_content
Completed 204 No Content in 26ms (ActiveRecord: 0.0ms)


Started POST "/create" for 127.0.0.1 at 2018-09-19 00:07:17 +0900
Processing by HomeController#create as HTML
  Parameters: {"title"=>"", "content"=>""}
Can't verify CSRF token authenticity.
No template found for HomeController#create, rendering head :no_content
Completed 204 No Content in 30ms (ActiveRecord: 0.0ms)


Started GET "/write" for 127.0.0.1 at 2018-09-19 00:07:19 +0900
Processing by HomeController#write as HTML
  Rendering home/write.erb within layouts/application
  Rendered home/write.erb within layouts/application (0.5ms)
Completed 200 OK in 34ms (Views: 32.4ms | ActiveRecord: 0.0ms)


Started POST "/create" for 127.0.0.1 at 2018-09-19 00:07:21 +0900
Processing by HomeController#create as HTML
  Parameters: {"title"=>"", "content"=>""}
Can't verify CSRF token authenticity.
No template found for HomeController#create, rendering head :no_content
Completed 204 No Content in 30ms (ActiveRecord: 0.0ms)


Started POST "/create" for 127.0.0.1 at 2018-09-19 00:07:29 +0900
Processing by HomeController#create as HTML
  Parameters: {"title"=>"", "content"=>""}
Can't verify CSRF token authenticity.
No template found for HomeController#create, rendering head :no_content
Completed 204 No Content in 27ms (ActiveRecord: 0.0ms)


Started GET "/write" for 127.0.0.1 at 2018-09-19 00:07:32 +0900
Processing by HomeController#write as HTML
  Rendering home/write.erb within layouts/application
  Rendered home/write.erb within layouts/application (0.5ms)
Completed 200 OK in 33ms (Views: 30.8ms | ActiveRecord: 0.0ms)


Started POST "/create" for 127.0.0.1 at 2018-09-19 00:07:34 +0900
Processing by HomeController#create as HTML
  Parameters: {"title"=>"", "content"=>""}
Can't verify CSRF token authenticity.
No template found for HomeController#create, rendering head :no_content
Completed 204 No Content in 30ms (ActiveRecord: 0.0ms)


Started GET "/write" for 127.0.0.1 at 2018-09-19 00:08:18 +0900
Processing by HomeController#write as HTML
  Rendering home/write.erb within layouts/application
  Rendered home/write.erb within layouts/application (0.4ms)
Completed 200 OK in 31ms (Views: 29.3ms | ActiveRecord: 0.0ms)


Started POST "/create" for 127.0.0.1 at 2018-09-19 00:08:19 +0900
Processing by HomeController#create as HTML
  Parameters: {"title"=>"", "content"=>""}
Can't verify CSRF token authenticity.
No template found for HomeController#create, rendering head :no_content
Completed 204 No Content in 30ms (ActiveRecord: 0.0ms)


Started POST "/create" for 127.0.0.1 at 2018-09-19 00:08:24 +0900
Processing by HomeController#create as HTML
  Parameters: {"title"=>"a", "content"=>"a"}
Can't verify CSRF token authenticity.
No template found for HomeController#create, rendering head :no_content
Completed 204 No Content in 26ms (ActiveRecord: 0.0ms)


Started POST "/create" for 127.0.0.1 at 2018-09-19 00:08:25 +0900
Processing by HomeController#create as HTML
  Parameters: {"title"=>"a", "content"=>"a"}
Can't verify CSRF token authenticity.
No template found for HomeController#create, rendering head :no_content
Completed 204 No Content in 26ms (ActiveRecord: 0.0ms)


Started POST "/create" for 127.0.0.1 at 2018-09-19 00:08:25 +0900
Processing by HomeController#create as HTML
  Parameters: {"title"=>"a", "content"=>"a"}
Can't verify CSRF token authenticity.
No template found for HomeController#create, rendering head :no_content
Completed 204 No Content in 25ms (ActiveRecord: 0.0ms)


Started POST "/create" for 127.0.0.1 at 2018-09-19 00:08:26 +0900
Processing by HomeController#create as HTML
  Parameters: {"title"=>"a", "content"=>"a"}
Can't verify CSRF token authenticity.
No template found for HomeController#create, rendering head :no_content
Completed 204 No Content in 36ms (ActiveRecord: 0.0ms)


Started GET "/index" for 127.0.0.1 at 2018-09-19 00:08:44 +0900
Processing by HomeController#index as HTML
  Rendering home/index.erb within layouts/application
  Rendered home/index.erb within layouts/application (0.5ms)
Completed 200 OK in 52ms (Views: 50.5ms | ActiveRecord: 0.0ms)


Started GET "/write" for 127.0.0.1 at 2018-09-19 00:08:46 +0900
Processing by HomeController#write as HTML
  Rendering home/write.erb within layouts/application
  Rendered home/write.erb within layouts/application (0.5ms)
Completed 200 OK in 41ms (Views: 39.4ms | ActiveRecord: 0.0ms)


Started POST "/create" for 127.0.0.1 at 2018-09-19 00:08:48 +0900
Processing by HomeController#create as HTML
  Parameters: {"title"=>"", "content"=>""}
Can't verify CSRF token authenticity.
No template found for HomeController#create, rendering head :no_content
Completed 204 No Content in 27ms (ActiveRecord: 0.0ms)


Started POST "/create" for 127.0.0.1 at 2018-09-19 00:08:48 +0900
Processing by HomeController#create as HTML
  Parameters: {"title"=>"", "content"=>""}
Can't verify CSRF token authenticity.
No template found for HomeController#create, rendering head :no_content
Completed 204 No Content in 26ms (ActiveRecord: 0.0ms)


  [1m[35m (0.1ms)[0m  [1m[34mSELECT sqlite_version(*)[0m
  ↳ /usr/lib/ruby/vendor_ruby/rake/task.rb:271
  [1m[35m (108.9ms)[0m  [1m[35mCREATE TABLE "schema_migrations" ("version" varchar NOT NULL PRIMARY KEY)[0m
  ↳ /usr/lib/ruby/vendor_ruby/rake/task.rb:271
  [1m[35m (97.3ms)[0m  [1m[35mCREATE TABLE "ar_internal_metadata" ("key" varchar NOT NULL PRIMARY KEY, "value" varchar, "created_at" datetime NOT NULL, "updated_at" datetime NOT NULL)[0m
  ↳ /usr/lib/ruby/vendor_ruby/rake/task.rb:271
  [1m[35m (0.3ms)[0m  [1m[34mSELECT "schema_migrations"."version" FROM "schema_migrations" ORDER BY "schema_migrations"."version" ASC[0m
  ↳ /usr/lib/ruby/vendor_ruby/rake/task.rb:271
Migrating to CreatePosts (20180918151009)
  [1m[35m (0.1ms)[0m  [1m[36mbegin transaction[0m
  ↳ /usr/lib/ruby/vendor_ruby/rake/task.rb:271
  [1m[35m (3.7ms)[0m  [1m[35mCREATE TABLE "posts" ("id" integer PRIMARY KEY AUTOINCREMENT NOT NULL, "title" varchar, "content" text, "created_at" datetime NOT NULL, "updated_at" datetime NOT NULL)[0m
  ↳ db/migrate/20180918151009_create_posts.rb:3
  [1m[36mActiveRecord::SchemaMigration Create (0.3ms)[0m  [1m[32mINSERT INTO "schema_migrations" ("version") VALUES (?)[0m  [["version", "20180918151009"]]
  ↳ /usr/lib/ruby/vendor_ruby/rake/task.rb:271
  [1m[35m (93.7ms)[0m  [1m[36mcommit transaction[0m
  ↳ /usr/lib/ruby/vendor_ruby/rake/task.rb:271
  [1m[36mActiveRecord::InternalMetadata Load (0.3ms)[0m  [1m[34mSELECT  "ar_internal_metadata".* FROM "ar_internal_metadata" WHERE "ar_internal_metadata"."key" = ? LIMIT ?[0m  [["key", "environment"], ["LIMIT", 1]]
  ↳ /usr/lib/ruby/vendor_ruby/rake/task.rb:271
  [1m[35m (0.1ms)[0m  [1m[36mbegin transaction[0m
  ↳ /usr/lib/ruby/vendor_ruby/rake/task.rb:271
  [1m[36mActiveRecord::InternalMetadata Create (0.6ms)[0m  [1m[32mINSERT INTO "ar_internal_metadata" ("key", "value", "created_at", "updated_at") VALUES (?, ?, ?, ?)[0m  [["key", "environment"], ["value", "development"], ["created_at", "2018-09-18 15:12:08.884311"], ["updated_at", "2018-09-18 15:12:08.884311"]]
  ↳ /usr/lib/ruby/vendor_ruby/rake/task.rb:271
  [1m[35m (84.2ms)[0m  [1m[36mcommit transaction[0m
  ↳ /usr/lib/ruby/vendor_ruby/rake/task.rb:271
  [1m[35m (0.2ms)[0m  [1m[34mSELECT "schema_migrations"."version" FROM "schema_migrations" ORDER BY "schema_migrations"."version" ASC[0m
  ↳ /usr/lib/ruby/vendor_ruby/rake/task.rb:271
  [1m[35m (0.2ms)[0m  [1m[34mSELECT "schema_migrations"."version" FROM "schema_migrations" ORDER BY "schema_migrations"."version" ASC[0m
  ↳ /usr/lib/ruby/vendor_ruby/rake/task.rb:271
  [1m[36mActiveRecord::InternalMetadata Load (0.2ms)[0m  [1m[34mSELECT  "ar_internal_metadata".* FROM "ar_internal_metadata" WHERE "ar_internal_metadata"."key" = ? LIMIT ?[0m  [["key", "environment"], ["LIMIT", 1]]
  ↳ /usr/lib/ruby/vendor_ruby/rake/task.rb:271
  [1m[35m (0.1ms)[0m  [1m[36mbegin transaction[0m
  ↳ /usr/lib/ruby/vendor_ruby/rake/task.rb:271
  [1m[35m (0.1ms)[0m  [1m[36mcommit transaction[0m
  ↳ /usr/lib/ruby/vendor_ruby/rake/task.rb:271
  [1m[35m (0.1ms)[0m  [1m[34mSELECT "schema_migrations"."version" FROM "schema_migrations" ORDER BY "schema_migrations"."version" ASC[0m
  ↳ /usr/lib/ruby/vendor_ruby/rake/task.rb:271
  [1m[35m (0.2ms)[0m  [1m[34mSELECT "schema_migrations"."version" FROM "schema_migrations" ORDER BY "schema_migrations"."version" ASC[0m
  ↳ /usr/lib/ruby/vendor_ruby/rake/task.rb:271
  [1m[36mActiveRecord::InternalMetadata Load (0.2ms)[0m  [1m[34mSELECT  "ar_internal_metadata".* FROM "ar_internal_metadata" WHERE "ar_internal_metadata"."key" = ? LIMIT ?[0m  [["key", "environment"], ["LIMIT", 1]]
  ↳ /usr/lib/ruby/vendor_ruby/rake/task.rb:271
  [1m[35m (0.1ms)[0m  [1m[36mbegin transaction[0m
  ↳ /usr/lib/ruby/vendor_ruby/rake/task.rb:271
  [1m[35m (0.1ms)[0m  [1m[36mcommit transaction[0m
  ↳ /usr/lib/ruby/vendor_ruby/rake/task.rb:271
  [1m[35m (0.1ms)[0m  [1m[34mSELECT "schema_migrations"."version" FROM "schema_migrations" ORDER BY "schema_migrations"."version" ASC[0m
  ↳ /usr/lib/ruby/vendor_ruby/rake/task.rb:271
  [1m[35m (0.2ms)[0m  [1m[34mSELECT "schema_migrations"."version" FROM "schema_migrations" ORDER BY "schema_migrations"."version" ASC[0m
  ↳ /usr/lib/ruby/vendor_ruby/rake/task.rb:271
  [1m[36mActiveRecord::InternalMetadata Load (0.3ms)[0m  [1m[34mSELECT  "ar_internal_metadata".* FROM "ar_internal_metadata" WHERE "ar_internal_metadata"."key" = ? LIMIT ?[0m  [["key", "environment"], ["LIMIT", 1]]
  ↳ /usr/lib/ruby/vendor_ruby/rake/task.rb:271
  [1m[35m (0.1ms)[0m  [1m[36mbegin transaction[0m
  ↳ /usr/lib/ruby/vendor_ruby/rake/task.rb:271
  [1m[35m (0.1ms)[0m  [1m[36mcommit transaction[0m
  ↳ /usr/lib/ruby/vendor_ruby/rake/task.rb:271
  [1m[35m (0.1ms)[0m  [1m[34mSELECT "schema_migrations"."version" FROM "schema_migrations" ORDER BY "schema_migrations"."version" ASC[0m
  ↳ /usr/lib/ruby/vendor_ruby/rake/task.rb:271
  [1m[35m (0.1ms)[0m  [1m[34mSELECT sqlite_version(*)[0m
  ↳ /usr/lib/ruby/vendor_ruby/rake/task.rb:271
  [1m[35m (150.2ms)[0m  [1m[35mCREATE TABLE "schema_migrations" ("version" varchar NOT NULL PRIMARY KEY)[0m
  ↳ /usr/lib/ruby/vendor_ruby/rake/task.rb:271
  [1m[35m (120.8ms)[0m  [1m[35mCREATE TABLE "ar_internal_metadata" ("key" varchar NOT NULL PRIMARY KEY, "value" varchar, "created_at" datetime NOT NULL, "updated_at" datetime NOT NULL)[0m
  ↳ /usr/lib/ruby/vendor_ruby/rake/task.rb:271
  [1m[35m (0.2ms)[0m  [1m[34mSELECT "schema_migrations"."version" FROM "schema_migrations" ORDER BY "schema_migrations"."version" ASC[0m
  ↳ /usr/lib/ruby/vendor_ruby/rake/task.rb:271
Migrating to CreatePosts (20180918151009)
  [1m[35m (0.2ms)[0m  [1m[34mSELECT "schema_migrations"."version" FROM "schema_migrations" ORDER BY "schema_migrations"."version" ASC[0m
  ↳ /usr/lib/ruby/vendor_ruby/rake/task.rb:271
Migrating to CreatePosts (20180918151009)
Started GET "/write" for 127.0.0.1 at 2018-09-19 00:16:47 +0900
  [1m[35m (0.2ms)[0m  [1m[34mSELECT "schema_migrations"."version" FROM "schema_migrations" ORDER BY "schema_migrations"."version" ASC[0m
  ↳ /var/lib/gems/2.5.0/gems/activerecord-5.2.1/lib/active_record/log_subscriber.rb:98
  
ActiveRecord::PendingMigrationError (

Migrations are pending. To resolve this issue, run:

        bin/rails db:migrate RAILS_ENV=development

):
  
activerecord (5.2.1) lib/active_record/migration.rb:579:in `check_pending!'
activerecord (5.2.1) lib/active_record/migration.rb:556:in `call'
actionpack (5.2.1) lib/action_dispatch/middleware/callbacks.rb:28:in `block in call'
activesupport (5.2.1) lib/active_support/callbacks.rb:98:in `run_callbacks'
actionpack (5.2.1) lib/action_dispatch/middleware/callbacks.rb:26:in `call'
actionpack (5.2.1) lib/action_dispatch/middleware/executor.rb:14:in `call'
actionpack (5.2.1) lib/action_dispatch/middleware/debug_exceptions.rb:61:in `call'
web-console (3.7.0) lib/web_console/middleware.rb:135:in `call_app'
web-console (3.7.0) lib/web_console/middleware.rb:30:in `block in call'
web-console (3.7.0) lib/web_console/middleware.rb:20:in `catch'
web-console (3.7.0) lib/web_console/middleware.rb:20:in `call'
actionpack (5.2.1) lib/action_dispatch/middleware/show_exceptions.rb:33:in `call'
railties (5.2.1) lib/rails/rack/logger.rb:38:in `call_app'
railties (5.2.1) lib/rails/rack/logger.rb:26:in `block in call'
activesupport (5.2.1) lib/active_support/tagged_logging.rb:71:in `block in tagged'
activesupport (5.2.1) lib/active_support/tagged_logging.rb:28:in `tagged'
activesupport (5.2.1) lib/active_support/tagged_logging.rb:71:in `tagged'
railties (5.2.1) lib/rails/rack/logger.rb:26:in `call'
sprockets-rails (3.2.1) lib/sprockets/rails/quiet_assets.rb:13:in `call'
actionpack (5.2.1) lib/action_dispatch/middleware/remote_ip.rb:81:in `call'
actionpack (5.2.1) lib/action_dispatch/middleware/request_id.rb:27:in `call'
rack (2.0.5) lib/rack/method_override.rb:22:in `call'
rack (2.0.5) lib/rack/runtime.rb:22:in `call'
activesupport (5.2.1) lib/active_support/cache/strategy/local_cache_middleware.rb:29:in `call'
actionpack (5.2.1) lib/action_dispatch/middleware/executor.rb:14:in `call'
actionpack (5.2.1) lib/action_dispatch/middleware/static.rb:127:in `call'
rack (2.0.5) lib/rack/sendfile.rb:111:in `call'
railties (5.2.1) lib/rails/engine.rb:524:in `call'
puma (3.12.0) lib/puma/configuration.rb:225:in `call'
puma (3.12.0) lib/puma/server.rb:658:in `handle_request'
puma (3.12.0) lib/puma/server.rb:472:in `process_client'
puma (3.12.0) lib/puma/server.rb:332:in `block in run'
puma (3.12.0) lib/puma/thread_pool.rb:133:in `block in spawn_thread'
  [1m[35m (0.2ms)[0m  [1m[34mSELECT "schema_migrations"."version" FROM "schema_migrations" ORDER BY "schema_migrations"."version" ASC[0m
  ↳ /usr/lib/ruby/vendor_ruby/rake/task.rb:271
Migrating to CreatePosts (20180918151009)
  [1m[35m (0.2ms)[0m  [1m[34mSELECT "schema_migrations"."version" FROM "schema_migrations" ORDER BY "schema_migrations"."version" ASC[0m
  ↳ /usr/lib/ruby/vendor_ruby/rake/task.rb:271
  [1m[35m (0.1ms)[0m  [1m[34mSELECT "schema_migrations"."version" FROM "schema_migrations" ORDER BY "schema_migrations"."version" ASC[0m
  ↳ /usr/lib/ruby/vendor_ruby/rake/task.rb:271
  [1m[35m (0.1ms)[0m  [1m[34mSELECT sqlite_version(*)[0m
  ↳ /usr/lib/ruby/vendor_ruby/rake/task.rb:271
  [1m[35m (243.0ms)[0m  [1m[35mCREATE TABLE "schema_migrations" ("version" varchar NOT NULL PRIMARY KEY)[0m
  ↳ /usr/lib/ruby/vendor_ruby/rake/task.rb:271
  [1m[35m (110.7ms)[0m  [1m[35mCREATE TABLE "ar_internal_metadata" ("key" varchar NOT NULL PRIMARY KEY, "value" varchar, "created_at" datetime NOT NULL, "updated_at" datetime NOT NULL)[0m
  ↳ /usr/lib/ruby/vendor_ruby/rake/task.rb:271
  [1m[35m (0.3ms)[0m  [1m[34mSELECT "schema_migrations"."version" FROM "schema_migrations" ORDER BY "schema_migrations"."version" ASC[0m
  ↳ /usr/lib/ruby/vendor_ruby/rake/task.rb:271
Migrating to CreatePosts (20180918151009)
  [1m[35m (0.2ms)[0m  [1m[34mSELECT "schema_migrations"."version" FROM "schema_migrations" ORDER BY "schema_migrations"."version" ASC[0m
  ↳ /usr/lib/ruby/vendor_ruby/rake/task.rb:271
  [1m[35m (0.1ms)[0m  [1m[34mSELECT "schema_migrations"."version" FROM "schema_migrations" ORDER BY "schema_migrations"."version" ASC[0m
  ↳ /usr/lib/ruby/vendor_ruby/rake/task.rb:271
  [1m[35m (0.1ms)[0m  [1m[35mDROP TABLE IF EXISTS "posts"[0m
  ↳ db/schema.rb:15
  [1m[35m (0.1ms)[0m  [1m[34mSELECT sqlite_version(*)[0m
  ↳ db/schema.rb:15
  [1m[35m (89.1ms)[0m  [1m[35mCREATE TABLE "posts" ("id" integer PRIMARY KEY AUTOINCREMENT NOT NULL, "title" varchar, "content" text, "created_at" datetime NOT NULL, "updated_at" datetime NOT NULL)[0m
  ↳ db/schema.rb:15
  [1m[35m (110.8ms)[0m  [1m[35mCREATE TABLE "schema_migrations" ("version" varchar NOT NULL PRIMARY KEY)[0m
  ↳ db/schema.rb:13
  [1m[35m (0.2ms)[0m  [1m[34mSELECT "schema_migrations"."version" FROM "schema_migrations" ORDER BY "schema_migrations"."version" ASC[0m
  ↳ db/schema.rb:13
  [1m[35m (84.6ms)[0m  [1m[32mINSERT INTO "schema_migrations" (version) VALUES (20180918151009)[0m
  ↳ db/schema.rb:13
  [1m[35m (101.7ms)[0m  [1m[35mCREATE TABLE "ar_internal_metadata" ("key" varchar NOT NULL PRIMARY KEY, "value" varchar, "created_at" datetime NOT NULL, "updated_at" datetime NOT NULL)[0m
  ↳ db/schema.rb:13
  [1m[36mActiveRecord::InternalMetadata Load (0.3ms)[0m  [1m[34mSELECT  "ar_internal_metadata".* FROM "ar_internal_metadata" WHERE "ar_internal_metadata"."key" = ? LIMIT ?[0m  [["key", "environment"], ["LIMIT", 1]]
  ↳ db/schema.rb:13
  [1m[35m (0.9ms)[0m  [1m[36mbegin transaction[0m
  ↳ db/schema.rb:13
  [1m[36mActiveRecord::InternalMetadata Create (0.5ms)[0m  [1m[32mINSERT INTO "ar_internal_metadata" ("key", "value", "created_at", "updated_at") VALUES (?, ?, ?, ?)[0m  [["key", "environment"], ["value", "development"], ["created_at", "2018-09-18 15:19:35.044927"], ["updated_at", "2018-09-18 15:19:35.044927"]]
  ↳ db/schema.rb:13
  [1m[35m (48.3ms)[0m  [1m[36mcommit transaction[0m
  ↳ db/schema.rb:13
  [1m[36mActiveRecord::InternalMetadata Load (0.2ms)[0m  [1m[34mSELECT  "ar_internal_metadata".* FROM "ar_internal_metadata" WHERE "ar_internal_metadata"."key" = ? LIMIT ?[0m  [["key", "environment"], ["LIMIT", 1]]
  ↳ /usr/lib/ruby/vendor_ruby/rake/task.rb:271
  [1m[35m (0.1ms)[0m  [1m[36mbegin transaction[0m
  ↳ /usr/lib/ruby/vendor_ruby/rake/task.rb:271
  [1m[35m (0.1ms)[0m  [1m[36mcommit transaction[0m
  ↳ /usr/lib/ruby/vendor_ruby/rake/task.rb:271
  [1m[35m (0.1ms)[0m  [1m[35mDROP TABLE IF EXISTS "posts"[0m
  ↳ db/schema.rb:15
  [1m[35m (0.1ms)[0m  [1m[34mSELECT sqlite_version(*)[0m
  ↳ db/schema.rb:15
  [1m[35m (98.3ms)[0m  [1m[35mCREATE TABLE "posts" ("id" integer PRIMARY KEY AUTOINCREMENT NOT NULL, "title" varchar, "content" text, "created_at" datetime NOT NULL, "updated_at" datetime NOT NULL)[0m
  ↳ db/schema.rb:15
  [1m[35m (99.0ms)[0m  [1m[35mCREATE TABLE "schema_migrations" ("version" varchar NOT NULL PRIMARY KEY)[0m
  ↳ db/schema.rb:13
  [1m[35m (0.2ms)[0m  [1m[34mSELECT "schema_migrations"."version" FROM "schema_migrations" ORDER BY "schema_migrations"."version" ASC[0m
  ↳ db/schema.rb:13
  [1m[35m (69.1ms)[0m  [1m[32mINSERT INTO "schema_migrations" (version) VALUES (20180918151009)[0m
  ↳ db/schema.rb:13
  [1m[35m (117.4ms)[0m  [1m[35mCREATE TABLE "ar_internal_metadata" ("key" varchar NOT NULL PRIMARY KEY, "value" varchar, "created_at" datetime NOT NULL, "updated_at" datetime NOT NULL)[0m
  ↳ db/schema.rb:13
  [1m[36mActiveRecord::InternalMetadata Load (0.3ms)[0m  [1m[34mSELECT  "ar_internal_metadata".* FROM "ar_internal_metadata" WHERE "ar_internal_metadata"."key" = ? LIMIT ?[0m  [["key", "environment"], ["LIMIT", 1]]
  ↳ db/schema.rb:13
  [1m[35m (0.1ms)[0m  [1m[36mbegin transaction[0m
  ↳ db/schema.rb:13
  [1m[36mActiveRecord::InternalMetadata Create (2.6ms)[0m  [1m[32mINSERT INTO "ar_internal_metadata" ("key", "value", "created_at", "updated_at") VALUES (?, ?, ?, ?)[0m  [["key", "environment"], ["value", "development"], ["created_at", "2018-09-18 15:19:35.493136"], ["updated_at", "2018-09-18 15:19:35.493136"]]
  ↳ db/schema.rb:13
  [1m[35m (75.3ms)[0m  [1m[36mcommit transaction[0m
  ↳ db/schema.rb:13
  [1m[36mActiveRecord::InternalMetadata Load (0.2ms)[0m  [1m[34mSELECT  "ar_internal_metadata".* FROM "ar_internal_metadata" WHERE "ar_internal_metadata"."key" = ? LIMIT ?[0m  [["key", "environment"], ["LIMIT", 1]]
  ↳ /usr/lib/ruby/vendor_ruby/rake/task.rb:271
  [1m[35m (0.1ms)[0m  [1m[36mbegin transaction[0m
  ↳ /usr/lib/ruby/vendor_ruby/rake/task.rb:271
  [1m[36mActiveRecord::InternalMetadata Update (2.1ms)[0m  [1m[33mUPDATE "ar_internal_metadata" SET "value" = ?, "updated_at" = ? WHERE "ar_internal_metadata"."key" = ?[0m  [["value", "test"], ["updated_at", "2018-09-18 15:19:35.577603"], ["key", "environment"]]
  ↳ /usr/lib/ruby/vendor_ruby/rake/task.rb:271
  [1m[35m (68.2ms)[0m  [1m[36mcommit transaction[0m
  ↳ /usr/lib/ruby/vendor_ruby/rake/task.rb:271
  [1m[35m (0.2ms)[0m  [1m[34mSELECT "schema_migrations"."version" FROM "schema_migrations" ORDER BY "schema_migrations"."version" ASC[0m
  ↳ /usr/lib/ruby/vendor_ruby/rake/task.rb:271
  [1m[35m (0.2ms)[0m  [1m[34mSELECT "schema_migrations"."version" FROM "schema_migrations" ORDER BY "schema_migrations"."version" ASC[0m
  ↳ /usr/lib/ruby/vendor_ruby/rake/task.rb:271
  [1m[36mActiveRecord::InternalMetadata Load (0.2ms)[0m  [1m[34mSELECT  "ar_internal_metadata".* FROM "ar_internal_metadata" WHERE "ar_internal_metadata"."key" = ? LIMIT ?[0m  [["key", "environment"], ["LIMIT", 1]]
  ↳ /usr/lib/ruby/vendor_ruby/rake/task.rb:271
  [1m[35m (0.1ms)[0m  [1m[36mbegin transaction[0m
  ↳ /usr/lib/ruby/vendor_ruby/rake/task.rb:271
  [1m[35m (0.1ms)[0m  [1m[36mcommit transaction[0m
  ↳ /usr/lib/ruby/vendor_ruby/rake/task.rb:271
  [1m[35m (0.1ms)[0m  [1m[34mSELECT "schema_migrations"."version" FROM "schema_migrations" ORDER BY "schema_migrations"."version" ASC[0m
  ↳ /usr/lib/ruby/vendor_ruby/rake/task.rb:271
Started GET "/write" for 127.0.0.1 at 2018-09-19 00:19:58 +0900
  [1m[35m (0.2ms)[0m  [1m[34mSELECT "schema_migrations"."version" FROM "schema_migrations" ORDER BY "schema_migrations"."version" ASC[0m
  ↳ /var/lib/gems/2.5.0/gems/activerecord-5.2.1/lib/active_record/log_subscriber.rb:98
Processing by HomeController#write as HTML
  Rendering home/write.erb within layouts/application
  Rendered home/write.erb within layouts/application (0.4ms)
Completed 200 OK in 31ms (Views: 29.9ms | ActiveRecord: 0.0ms)


Started POST "/create" for 127.0.0.1 at 2018-09-19 00:20:02 +0900
Processing by HomeController#create as HTML
  Parameters: {"title"=>"aa", "content"=>"aa"}
Can't verify CSRF token authenticity.
  [1m[35m (0.1ms)[0m  [1m[36mbegin transaction[0m
  ↳ app/controllers/home_controller.rb:12
  [1m[36mPost Create (1.1ms)[0m  [1m[32mINSERT INTO "posts" ("title", "content", "created_at", "updated_at") VALUES (?, ?, ?, ?)[0m  [["title", "aa"], ["content", "aa"], ["created_at", "2018-09-18 15:20:03.050010"], ["updated_at", "2018-09-18 15:20:03.050010"]]
  ↳ app/controllers/home_controller.rb:12
  [1m[35m (121.4ms)[0m  [1m[36mcommit transaction[0m
  ↳ app/controllers/home_controller.rb:12
No template found for HomeController#create, rendering head :no_content
Completed 204 No Content in 234ms (ActiveRecord: 124.7ms)


Started POST "/create" for 127.0.0.1 at 2018-09-19 00:21:30 +0900
Processing by HomeController#create as HTML
  Parameters: {"title"=>"aa", "content"=>"aab"}
Can't verify CSRF token authenticity.
  [1m[35m (0.1ms)[0m  [1m[36mbegin transaction[0m
  ↳ app/controllers/home_controller.rb:12
  [1m[36mPost Create (0.4ms)[0m  [1m[32mINSERT INTO "posts" ("title", "content", "created_at", "updated_at") VALUES (?, ?, ?, ?)[0m  [["title", "aa"], ["content", "aab"], ["created_at", "2018-09-18 15:21:30.505261"], ["updated_at", "2018-09-18 15:21:30.505261"]]
  ↳ app/controllers/home_controller.rb:12
  [1m[35m (207.4ms)[0m  [1m[36mcommit transaction[0m
  ↳ app/controllers/home_controller.rb:12
Redirected to http://localhost:3000/index
Completed 302 Found in 222ms (ActiveRecord: 208.9ms)


Started GET "/index" for 127.0.0.1 at 2018-09-19 00:21:30 +0900
Processing by HomeController#index as HTML
  Rendering home/index.erb within layouts/application
  Rendered home/index.erb within layouts/application (0.5ms)
Completed 200 OK in 30ms (Views: 29.0ms | ActiveRecord: 0.0ms)


Started GET "/index" for 127.0.0.1 at 2018-09-19 00:24:51 +0900
Processing by HomeController#index as HTML
  Rendering home/index.erb within layouts/application
  [1m[36mPost Load (0.2ms)[0m  [1m[34mSELECT "posts".* FROM "posts"[0m
  ↳ app/views/home/index.erb:2
  Rendered home/index.erb within layouts/application (10.5ms)
Completed 200 OK in 35ms (Views: 30.9ms | ActiveRecord: 1.1ms)


Started GET "/index" for 127.0.0.1 at 2018-09-19 00:25:46 +0900
Processing by HomeController#index as HTML
  Rendering home/index.erb within layouts/application
  [1m[36mPost Load (0.3ms)[0m  [1m[34mSELECT "posts".* FROM "posts"[0m
  ↳ app/views/home/index.erb:2
  Rendered home/index.erb within layouts/application (2.2ms)
Completed 200 OK in 38ms (Views: 35.6ms | ActiveRecord: 0.3ms)


Started GET "/write" for 127.0.0.1 at 2018-09-19 00:25:51 +0900
Processing by HomeController#write as HTML
  Rendering home/write.erb within layouts/application
  Rendered home/write.erb within layouts/application (0.5ms)
Completed 200 OK in 43ms (Views: 41.3ms | ActiveRecord: 0.0ms)


Started POST "/create" for 127.0.0.1 at 2018-09-19 00:25:55 +0900
Processing by HomeController#create as HTML
  Parameters: {"title"=>"qwer", "content"=>"123"}
Can't verify CSRF token authenticity.
  [1m[35m (0.1ms)[0m  [1m[36mbegin transaction[0m
  ↳ app/controllers/home_controller.rb:13
  [1m[36mPost Create (3.4ms)[0m  [1m[32mINSERT INTO "posts" ("title", "content", "created_at", "updated_at") VALUES (?, ?, ?, ?)[0m  [["title", "qwer"], ["content", "123"], ["created_at", "2018-09-18 15:25:55.627988"], ["updated_at", "2018-09-18 15:25:55.627988"]]
  ↳ app/controllers/home_controller.rb:13
  [1m[35m (220.6ms)[0m  [1m[36mcommit transaction[0m
  ↳ app/controllers/home_controller.rb:13
Redirected to http://localhost:3000/index
Completed 302 Found in 228ms (ActiveRecord: 224.1ms)


Started GET "/index" for 127.0.0.1 at 2018-09-19 00:25:55 +0900
Processing by HomeController#index as HTML
  Rendering home/index.erb within layouts/application
  [1m[36mPost Load (0.4ms)[0m  [1m[34mSELECT "posts".* FROM "posts"[0m
  ↳ app/views/home/index.erb:2
  Rendered home/index.erb within layouts/application (2.2ms)
Completed 200 OK in 36ms (Views: 34.0ms | ActiveRecord: 0.4ms)


Started GET "/modify" for 127.0.0.1 at 2018-09-19 13:14:17 +0900
  [1m[35m (9.0ms)[0m  [1m[34mSELECT "schema_migrations"."version" FROM "schema_migrations" ORDER BY "schema_migrations"."version" ASC[0m
  ↳ /var/lib/gems/2.5.0/gems/activerecord-5.2.1/lib/active_record/log_subscriber.rb:98
Processing by HomeController#modify as HTML
  Rendering home/modify.erb within layouts/application
  Rendered home/modify.erb within layouts/application (1.0ms)
Completed 200 OK in 696ms (Views: 666.7ms | ActiveRecord: 0.0ms)


Started GET "/" for 127.0.0.1 at 2018-09-19 13:15:47 +0900
Processing by Rails::WelcomeController#index as HTML
  Rendering /var/lib/gems/2.5.0/gems/railties-5.2.1/lib/rails/templates/rails/welcome/index.html.erb
  Rendered /var/lib/gems/2.5.0/gems/railties-5.2.1/lib/rails/templates/rails/welcome/index.html.erb (3.6ms)
Completed 200 OK in 98ms (Views: 5.5ms | ActiveRecord: 0.0ms)


Started GET "/index" for 127.0.0.1 at 2018-09-19 13:15:55 +0900
Processing by HomeController#index as HTML
  Rendering home/index.erb within layouts/application
  [1m[36mPost Load (0.4ms)[0m  [1m[34mSELECT "posts".* FROM "posts"[0m
  ↳ app/views/home/index.erb:2
  Rendered home/index.erb within layouts/application (52.5ms)
Completed 200 OK in 143ms (Views: 74.9ms | ActiveRecord: 1.7ms)


Started GET "/index" for 127.0.0.1 at 2018-09-19 13:20:25 +0900
Processing by HomeController#index as HTML
  Rendering home/index.erb within layouts/application
  [1m[36mPost Load (0.3ms)[0m  [1m[34mSELECT "posts".* FROM "posts"[0m
  ↳ app/views/home/index.erb:2
  Rendered home/index.erb within layouts/application (14.8ms)
Completed 200 OK in 44ms (Views: 39.1ms | ActiveRecord: 1.5ms)


Started GET "/modify/1" for 127.0.0.1 at 2018-09-19 13:20:28 +0900
Processing by HomeController#modify as HTML
  Parameters: {"post_id"=>"1"}
  [1m[36mPost Load (0.3ms)[0m  [1m[34mSELECT  "posts".* FROM "posts" WHERE "posts"."id" = ? LIMIT ?[0m  [["id", 1], ["LIMIT", 1]]
  ↳ app/controllers/home_controller.rb:19
  Rendering home/modify.erb within layouts/application
  Rendered home/modify.erb within layouts/application (0.5ms)
Completed 200 OK in 142ms (Views: 25.9ms | ActiveRecord: 0.3ms)


Started GET "/modify/1" for 127.0.0.1 at 2018-09-19 13:21:14 +0900
Processing by HomeController#modify as HTML
  Parameters: {"post_id"=>"1"}
  [1m[36mPost Load (0.2ms)[0m  [1m[34mSELECT  "posts".* FROM "posts" WHERE "posts"."id" = ? LIMIT ?[0m  [["id", 1], ["LIMIT", 1]]
  ↳ app/controllers/home_controller.rb:19
  Rendering home/modify.erb within layouts/application
  Rendered home/modify.erb within layouts/application (0.5ms)
Completed 200 OK in 26ms (Views: 23.1ms | ActiveRecord: 0.2ms)


Started GET "/index" for 127.0.0.1 at 2018-09-19 13:21:17 +0900
Processing by HomeController#index as HTML
  Rendering home/index.erb within layouts/application
  [1m[36mPost Load (0.3ms)[0m  [1m[34mSELECT "posts".* FROM "posts"[0m
  ↳ app/views/home/index.erb:2
  Rendered home/index.erb within layouts/application (2.3ms)
Completed 200 OK in 48ms (Views: 45.8ms | ActiveRecord: 0.3ms)


Started GET "/modify/2" for 127.0.0.1 at 2018-09-19 13:21:19 +0900
Processing by HomeController#modify as HTML
  Parameters: {"post_id"=>"2"}
  [1m[36mPost Load (0.2ms)[0m  [1m[34mSELECT  "posts".* FROM "posts" WHERE "posts"."id" = ? LIMIT ?[0m  [["id", 2], ["LIMIT", 1]]
  ↳ app/controllers/home_controller.rb:19
  Rendering home/modify.erb within layouts/application
  Rendered home/modify.erb within layouts/application (0.6ms)
Completed 200 OK in 46ms (Views: 43.2ms | ActiveRecord: 0.2ms)


Started GET "/modify/3" for 127.0.0.1 at 2018-09-19 13:21:22 +0900
Processing by HomeController#modify as HTML
  Parameters: {"post_id"=>"3"}
  [1m[36mPost Load (0.4ms)[0m  [1m[34mSELECT  "posts".* FROM "posts" WHERE "posts"."id" = ? LIMIT ?[0m  [["id", 3], ["LIMIT", 1]]
  ↳ app/controllers/home_controller.rb:19
  Rendering home/modify.erb within layouts/application
  Rendered home/modify.erb within layouts/application (0.6ms)
Completed 200 OK in 61ms (Views: 57.7ms | ActiveRecord: 0.4ms)


Started GET "/index" for 127.0.0.1 at 2018-09-19 13:27:12 +0900
Processing by HomeController#index as HTML
  Rendering home/index.erb within layouts/application
  [1m[36mPost Load (0.3ms)[0m  [1m[34mSELECT "posts".* FROM "posts"[0m
  ↳ app/views/home/index.erb:2
  Rendered home/index.erb within layouts/application (14.3ms)
Completed 200 OK in 58ms (Views: 53.0ms | ActiveRecord: 1.5ms)


Started GET "/modify/2" for 127.0.0.1 at 2018-09-19 13:27:15 +0900
Processing by HomeController#modify as HTML
  Parameters: {"post_id"=>"2"}
  [1m[36mPost Load (0.3ms)[0m  [1m[34mSELECT  "posts".* FROM "posts" WHERE "posts"."id" = ? LIMIT ?[0m  [["id", 2], ["LIMIT", 1]]
  ↳ app/controllers/home_controller.rb:19
  Rendering home/modify.erb within layouts/application
  Rendered home/modify.erb within layouts/application (0.6ms)
Completed 200 OK in 35ms (Views: 31.7ms | ActiveRecord: 0.3ms)


Started POST "/update/2" for 127.0.0.1 at 2018-09-19 13:27:19 +0900
Processing by HomeController#update as HTML
  Parameters: {"title"=>"aa", "content"=>"c", "post_id"=>"2"}
Can't verify CSRF token authenticity.
  [1m[36mPost Load (0.2ms)[0m  [1m[34mSELECT  "posts".* FROM "posts" WHERE "posts"."id" = ? LIMIT ?[0m  [["id", 2], ["LIMIT", 1]]
  ↳ app/controllers/home_controller.rb:25
  [1m[35m (0.1ms)[0m  [1m[36mbegin transaction[0m
  ↳ app/controllers/home_controller.rb:28
  [1m[36mPost Update (1.3ms)[0m  [1m[33mUPDATE "posts" SET "content" = ?, "updated_at" = ? WHERE "posts"."id" = ?[0m  [["content", "c"], ["updated_at", "2018-09-19 04:27:19.555597"], ["id", 2]]
  ↳ app/controllers/home_controller.rb:28
  [1m[35m (196.7ms)[0m  [1m[36mcommit transaction[0m
  ↳ app/controllers/home_controller.rb:28
Redirected to http://localhost:3000/index
Completed 302 Found in 206ms (ActiveRecord: 198.3ms)


Started GET "/index" for 127.0.0.1 at 2018-09-19 13:27:19 +0900
Processing by HomeController#index as HTML
  Rendering home/index.erb within layouts/application
  [1m[36mPost Load (4.3ms)[0m  [1m[34mSELECT "posts".* FROM "posts"[0m
  ↳ app/views/home/index.erb:2
  Rendered home/index.erb within layouts/application (6.1ms)
Completed 200 OK in 56ms (Views: 49.5ms | ActiveRecord: 4.3ms)


Started GET "/index" for 127.0.0.1 at 2018-09-19 13:30:49 +0900
Processing by HomeController#index as HTML
  Rendering home/index.erb within layouts/application
  [1m[36mPost Load (0.3ms)[0m  [1m[34mSELECT "posts".* FROM "posts"[0m
  ↳ app/views/home/index.erb:2
  Rendered home/index.erb within layouts/application (11.7ms)
Completed 200 OK in 38ms (Views: 31.4ms | ActiveRecord: 1.6ms)


Started GET "/index" for 127.0.0.1 at 2018-09-19 13:31:03 +0900
Processing by HomeController#index as HTML
  Rendering home/index.erb within layouts/application
  [1m[36mPost Load (0.3ms)[0m  [1m[34mSELECT "posts".* FROM "posts"[0m
  ↳ app/views/home/index.erb:2
  Rendered home/index.erb within layouts/application (2.5ms)
Completed 200 OK in 33ms (Views: 31.3ms | ActiveRecord: 0.3ms)


Started GET "/delete/2" for 127.0.0.1 at 2018-09-19 13:31:06 +0900
Processing by HomeController#delete as HTML
  Parameters: {"post_id"=>"2"}
Completed 500 Internal Server Error in 18ms (ActiveRecord: 0.0ms)


  
NoMethodError (undefined method `destory' for #<Class:0x00007f4f2428f4b8>
Did you mean?  destroy):
  
app/controllers/home_controller.rb:34:in `delete'
Started GET "/index" for 127.0.0.1 at 2018-09-19 13:31:30 +0900
Processing by HomeController#index as HTML
  Rendering home/index.erb within layouts/application
  [1m[36mPost Load (0.3ms)[0m  [1m[34mSELECT "posts".* FROM "posts"[0m
  ↳ app/views/home/index.erb:2
  Rendered home/index.erb within layouts/application (14.0ms)
Completed 200 OK in 52ms (Views: 46.0ms | ActiveRecord: 3.0ms)


Started GET "/delete/2" for 127.0.0.1 at 2018-09-19 13:31:32 +0900
Processing by HomeController#delete as HTML
  Parameters: {"post_id"=>"2"}
  [1m[36mPost Load (0.3ms)[0m  [1m[34mSELECT  "posts".* FROM "posts" WHERE "posts"."id" = ? LIMIT ?[0m  [["id", 2], ["LIMIT", 1]]
  ↳ app/controllers/home_controller.rb:34
  [1m[35m (0.1ms)[0m  [1m[36mbegin transaction[0m
  ↳ app/controllers/home_controller.rb:34
  [1m[36mPost Destroy (0.3ms)[0m  [1m[31mDELETE FROM "posts" WHERE "posts"."id" = ?[0m  [["id", 2]]
  ↳ app/controllers/home_controller.rb:34
  [1m[35m (127.1ms)[0m  [1m[36mcommit transaction[0m
  ↳ app/controllers/home_controller.rb:34
Redirected to 
Completed 500 Internal Server Error in 377ms (ActiveRecord: 127.8ms)


  
NoMethodError (undefined method `back_url' for #<HomeController:0x00007f4f1c2621c8>):
  
app/controllers/home_controller.rb:36:in `delete'
Started GET "/index" for 127.0.0.1 at 2018-09-19 13:31:42 +0900
Processing by HomeController#index as HTML
  Rendering home/index.erb within layouts/application
  [1m[36mPost Load (0.3ms)[0m  [1m[34mSELECT "posts".* FROM "posts"[0m
  ↳ app/views/home/index.erb:2
  Rendered home/index.erb within layouts/application (2.2ms)
Completed 200 OK in 46ms (Views: 44.3ms | ActiveRecord: 0.3ms)


Started GET "/index" for 127.0.0.1 at 2018-09-19 13:31:44 +0900
Processing by HomeController#index as HTML
  Rendering home/index.erb within layouts/application
  [1m[36mPost Load (0.4ms)[0m  [1m[34mSELECT "posts".* FROM "posts"[0m
  ↳ app/views/home/index.erb:2
  Rendered home/index.erb within layouts/application (2.0ms)
Completed 200 OK in 36ms (Views: 33.8ms | ActiveRecord: 0.4ms)


Started GET "/index" for 127.0.0.1 at 2018-09-19 13:31:45 +0900
Processing by HomeController#index as HTML
  Rendering home/index.erb within layouts/application
  [1m[36mPost Load (0.3ms)[0m  [1m[34mSELECT "posts".* FROM "posts"[0m
  ↳ app/views/home/index.erb:2
  Rendered home/index.erb within layouts/application (1.9ms)
Completed 200 OK in 56ms (Views: 53.8ms | ActiveRecord: 0.3ms)


Started GET "/delete/3" for 127.0.0.1 at 2018-09-19 13:31:48 +0900
Processing by HomeController#delete as HTML
  Parameters: {"post_id"=>"3"}
  [1m[36mPost Load (1.3ms)[0m  [1m[34mSELECT  "posts".* FROM "posts" WHERE "posts"."id" = ? LIMIT ?[0m  [["id", 3], ["LIMIT", 1]]
  ↳ app/controllers/home_controller.rb:34
  [1m[35m (0.1ms)[0m  [1m[36mbegin transaction[0m
  ↳ app/controllers/home_controller.rb:34
  [1m[36mPost Destroy (3.0ms)[0m  [1m[31mDELETE FROM "posts" WHERE "posts"."id" = ?[0m  [["id", 3]]
  ↳ app/controllers/home_controller.rb:34
  [1m[35m (148.4ms)[0m  [1m[36mcommit transaction[0m
  ↳ app/controllers/home_controller.rb:34
Redirected to 
Completed 500 Internal Server Error in 377ms (ActiveRecord: 152.8ms)


  
NoMethodError (undefined method `back_url' for #<HomeController:0x00007f4f0c05a6d8>):
  
app/controllers/home_controller.rb:36:in `delete'
Started GET "/index" for 127.0.0.1 at 2018-09-19 13:32:35 +0900
Processing by HomeController#index as HTML
  Rendering home/index.erb within layouts/application
  [1m[36mPost Load (0.3ms)[0m  [1m[34mSELECT "posts".* FROM "posts"[0m
  ↳ app/views/home/index.erb:2
  Rendered home/index.erb within layouts/application (11.9ms)
Completed 200 OK in 43ms (Views: 38.2ms | ActiveRecord: 1.3ms)


Started GET "/delete/1" for 127.0.0.1 at 2018-09-19 13:32:38 +0900
Processing by HomeController#delete as HTML
  Parameters: {"post_id"=>"1"}
  [1m[36mPost Load (0.3ms)[0m  [1m[34mSELECT  "posts".* FROM "posts" WHERE "posts"."id" = ? LIMIT ?[0m  [["id", 1], ["LIMIT", 1]]
  ↳ app/controllers/home_controller.rb:34
  [1m[35m (0.1ms)[0m  [1m[36mbegin transaction[0m
  ↳ app/controllers/home_controller.rb:34
  [1m[36mPost Destroy (1.0ms)[0m  [1m[31mDELETE FROM "posts" WHERE "posts"."id" = ?[0m  [["id", 1]]
  ↳ app/controllers/home_controller.rb:34
  [1m[35m (75.0ms)[0m  [1m[36mcommit transaction[0m
  ↳ app/controllers/home_controller.rb:34
Completed 500 Internal Server Error in 82ms (ActiveRecord: 76.4ms)


  
ArgumentError (missing keyword: fallback_location):
  
app/controllers/home_controller.rb:36:in `delete'
Started GET "/index" for 127.0.0.1 at 2018-09-19 13:33:32 +0900
Processing by HomeController#index as HTML
  Rendering home/index.erb within layouts/application
  [1m[36mPost Load (0.2ms)[0m  [1m[34mSELECT "posts".* FROM "posts"[0m
  ↳ app/views/home/index.erb:2
  Rendered home/index.erb within layouts/application (3.6ms)
Completed 200 OK in 44ms (Views: 39.7ms | ActiveRecord: 0.9ms)


Started GET "/write" for 127.0.0.1 at 2018-09-19 13:33:34 +0900
Processing by HomeController#write as HTML
  Rendering home/write.erb within layouts/application
  Rendered home/write.erb within layouts/application (0.4ms)
Completed 200 OK in 24ms (Views: 23.1ms | ActiveRecord: 0.0ms)


Started POST "/create" for 127.0.0.1 at 2018-09-19 13:33:40 +0900
Processing by HomeController#create as HTML
  Parameters: {"title"=>"asfdf", "content"=>"dsaf"}
Can't verify CSRF token authenticity.
  [1m[35m (0.1ms)[0m  [1m[36mbegin transaction[0m
  ↳ app/controllers/home_controller.rb:13
  [1m[36mPost Create (3.4ms)[0m  [1m[32mINSERT INTO "posts" ("title", "content", "created_at", "updated_at") VALUES (?, ?, ?, ?)[0m  [["title", "asfdf"], ["content", "dsaf"], ["created_at", "2018-09-19 04:33:40.292151"], ["updated_at", "2018-09-19 04:33:40.292151"]]
  ↳ app/controllers/home_controller.rb:13
  [1m[35m (216.0ms)[0m  [1m[36mcommit transaction[0m
  ↳ app/controllers/home_controller.rb:13
Redirected to http://localhost:3000/index
Completed 302 Found in 234ms (ActiveRecord: 220.1ms)


Started GET "/index" for 127.0.0.1 at 2018-09-19 13:33:40 +0900
Processing by HomeController#index as HTML
  Rendering home/index.erb within layouts/application
  [1m[36mPost Load (1.4ms)[0m  [1m[34mSELECT "posts".* FROM "posts"[0m
  ↳ app/views/home/index.erb:2
  Rendered home/index.erb within layouts/application (3.1ms)
Completed 200 OK in 42ms (Views: 39.2ms | ActiveRecord: 1.4ms)


Started GET "/delete/4" for 127.0.0.1 at 2018-09-19 13:33:42 +0900
Processing by HomeController#delete as HTML
  Parameters: {"post_id"=>"4"}
  [1m[36mPost Load (0.4ms)[0m  [1m[34mSELECT  "posts".* FROM "posts" WHERE "posts"."id" = ? LIMIT ?[0m  [["id", 4], ["LIMIT", 1]]
  ↳ app/controllers/home_controller.rb:34
  [1m[35m (0.1ms)[0m  [1m[36mbegin transaction[0m
  ↳ app/controllers/home_controller.rb:34
  [1m[36mPost Destroy (0.4ms)[0m  [1m[31mDELETE FROM "posts" WHERE "posts"."id" = ?[0m  [["id", 4]]
  ↳ app/controllers/home_controller.rb:34
  [1m[35m (94.8ms)[0m  [1m[36mcommit transaction[0m
  ↳ app/controllers/home_controller.rb:34
Redirected to http://localhost:3000/index
Completed 302 Found in 104ms (ActiveRecord: 95.6ms)


Started GET "/index" for 127.0.0.1 at 2018-09-19 13:33:42 +0900
Processing by HomeController#index as HTML
  Rendering home/index.erb within layouts/application
  [1m[36mPost Load (0.3ms)[0m  [1m[34mSELECT "posts".* FROM "posts"[0m
  ↳ app/views/home/index.erb:2
  Rendered home/index.erb within layouts/application (1.7ms)
Completed 200 OK in 26ms (Views: 24.7ms | ActiveRecord: 0.3ms)


Started GET "/" for 127.0.0.1 at 2018-09-19 18:58:16 +0900
  [1m[35m (8.4ms)[0m  [1m[34mSELECT "schema_migrations"."version" FROM "schema_migrations" ORDER BY "schema_migrations"."version" ASC[0m
  ↳ /var/lib/gems/2.5.0/gems/activerecord-5.2.1/lib/active_record/log_subscriber.rb:98
Processing by Rails::WelcomeController#index as HTML
  Rendering /var/lib/gems/2.5.0/gems/railties-5.2.1/lib/rails/templates/rails/welcome/index.html.erb
  Rendered /var/lib/gems/2.5.0/gems/railties-5.2.1/lib/rails/templates/rails/welcome/index.html.erb (14.7ms)
Completed 200 OK in 68ms (Views: 34.7ms | ActiveRecord: 0.0ms)


Started GET "/index" for 127.0.0.1 at 2018-09-19 18:58:22 +0900
Processing by HomeController#index as HTML
  Rendering home/index.erb within layouts/application
  [1m[36mPost Load (0.7ms)[0m  [1m[34mSELECT "posts".* FROM "posts"[0m
  ↳ app/views/home/index.erb:2
  Rendered home/index.erb within layouts/application (4.9ms)
Completed 200 OK in 833ms (Views: 797.4ms | ActiveRecord: 1.4ms)


Started GET "/write" for 127.0.0.1 at 2018-09-19 18:58:26 +0900
Processing by HomeController#write as HTML
  Rendering home/write.erb within layouts/application
  Rendered home/write.erb within layouts/application (0.6ms)
Completed 200 OK in 34ms (Views: 24.7ms | ActiveRecord: 0.0ms)


Started POST "/create" for 127.0.0.1 at 2018-09-19 18:58:31 +0900
Processing by HomeController#create as HTML
  Parameters: {"title"=>"sajdlfs", "content"=>"keofopwa"}
Can't verify CSRF token authenticity.
  [1m[35m (0.1ms)[0m  [1m[36mbegin transaction[0m
  ↳ app/controllers/home_controller.rb:13
  [1m[36mPost Create (0.5ms)[0m  [1m[32mINSERT INTO "posts" ("title", "content", "created_at", "updated_at") VALUES (?, ?, ?, ?)[0m  [["title", "sajdlfs"], ["content", "keofopwa"], ["created_at", "2018-09-19 09:58:31.912121"], ["updated_at", "2018-09-19 09:58:31.912121"]]
  ↳ app/controllers/home_controller.rb:13
  [1m[35m (138.3ms)[0m  [1m[36mcommit transaction[0m
  ↳ app/controllers/home_controller.rb:13
Redirected to http://localhost:3000/index
Completed 302 Found in 151ms (ActiveRecord: 139.4ms)


Started GET "/index" for 127.0.0.1 at 2018-09-19 18:58:32 +0900
Processing by HomeController#index as HTML
  Rendering home/index.erb within layouts/application
  [1m[36mPost Load (0.2ms)[0m  [1m[34mSELECT "posts".* FROM "posts"[0m
  ↳ app/views/home/index.erb:2
  Rendered home/index.erb within layouts/application (17.4ms)
Completed 200 OK in 40ms (Views: 37.9ms | ActiveRecord: 0.2ms)


Started GET "/" for 127.0.0.1 at 2018-09-26 01:36:56 +0900
  [1m[35m (8.9ms)[0m  [1m[34mSELECT "schema_migrations"."version" FROM "schema_migrations" ORDER BY "schema_migrations"."version" ASC[0m
  ↳ /var/lib/gems/2.5.0/gems/activerecord-5.2.1/lib/active_record/log_subscriber.rb:98
Processing by Rails::WelcomeController#index as HTML
  Rendering /var/lib/gems/2.5.0/gems/railties-5.2.1/lib/rails/templates/rails/welcome/index.html.erb
  Rendered /var/lib/gems/2.5.0/gems/railties-5.2.1/lib/rails/templates/rails/welcome/index.html.erb (13.3ms)
Completed 200 OK in 81ms (Views: 45.8ms | ActiveRecord: 0.0ms)


Started GET "/index" for 127.0.0.1 at 2018-09-26 01:37:02 +0900
Processing by HomeController#index as HTML
  Rendering home/index.erb within layouts/application
  [1m[36mPost Load (0.3ms)[0m  [1m[34mSELECT "posts".* FROM "posts"[0m
  ↳ app/views/home/index.erb:2
  Rendered home/index.erb within layouts/application (21.1ms)
Completed 200 OK in 781ms (Views: 747.3ms | ActiveRecord: 1.4ms)


Started GET "/write" for 127.0.0.1 at 2018-09-26 01:37:17 +0900
Processing by HomeController#write as HTML
  Rendering home/write.erb within layouts/application
  Rendered home/write.erb within layouts/application (0.5ms)
Completed 200 OK in 40ms (Views: 31.8ms | ActiveRecord: 0.0ms)


Started POST "/create" for 127.0.0.1 at 2018-09-26 01:37:20 +0900
Processing by HomeController#create as HTML
  Parameters: {"title"=>"sdf", "content"=>"asdf"}
Can't verify CSRF token authenticity.
Completed 422 Unprocessable Entity in 1ms (ActiveRecord: 0.0ms)


  
ActionController::InvalidAuthenticityToken (ActionController::InvalidAuthenticityToken):
  
actionpack (5.2.1) lib/action_controller/metal/request_forgery_protection.rb:211:in `handle_unverified_request'
actionpack (5.2.1) lib/action_controller/metal/request_forgery_protection.rb:243:in `handle_unverified_request'
actionpack (5.2.1) lib/action_controller/metal/request_forgery_protection.rb:238:in `verify_authenticity_token'
activesupport (5.2.1) lib/active_support/callbacks.rb:426:in `block in make_lambda'
activesupport (5.2.1) lib/active_support/callbacks.rb:198:in `block (2 levels) in halting'
actionpack (5.2.1) lib/abstract_controller/callbacks.rb:34:in `block (2 levels) in <module:Callbacks>'
activesupport (5.2.1) lib/active_support/callbacks.rb:199:in `block in halting'
activesupport (5.2.1) lib/active_support/callbacks.rb:513:in `block in invoke_before'
activesupport (5.2.1) lib/active_support/callbacks.rb:513:in `each'
activesupport (5.2.1) lib/active_support/callbacks.rb:513:in `invoke_before'
activesupport (5.2.1) lib/active_support/callbacks.rb:131:in `run_callbacks'
actionpack (5.2.1) lib/abstract_controller/callbacks.rb:41:in `process_action'
actionpack (5.2.1) lib/action_controller/metal/rescue.rb:22:in `process_action'
actionpack (5.2.1) lib/action_controller/metal/instrumentation.rb:34:in `block in process_action'
activesupport (5.2.1) lib/active_support/notifications.rb:168:in `block in instrument'
activesupport (5.2.1) lib/active_support/notifications/instrumenter.rb:23:in `instrument'
activesupport (5.2.1) lib/active_support/notifications.rb:168:in `instrument'
actionpack (5.2.1) lib/action_controller/metal/instrumentation.rb:32:in `process_action'
actionpack (5.2.1) lib/action_controller/metal/params_wrapper.rb:256:in `process_action'
activerecord (5.2.1) lib/active_record/railties/controller_runtime.rb:24:in `process_action'
actionpack (5.2.1) lib/abstract_controller/base.rb:134:in `process'
actionview (5.2.1) lib/action_view/rendering.rb:32:in `process'
actionpack (5.2.1) lib/action_controller/metal.rb:191:in `dispatch'
actionpack (5.2.1) lib/action_controller/metal.rb:252:in `dispatch'
actionpack (5.2.1) lib/action_dispatch/routing/route_set.rb:52:in `dispatch'
actionpack (5.2.1) lib/action_dispatch/routing/route_set.rb:34:in `serve'
actionpack (5.2.1) lib/action_dispatch/journey/router.rb:52:in `block in serve'
actionpack (5.2.1) lib/action_dispatch/journey/router.rb:35:in `each'
actionpack (5.2.1) lib/action_dispatch/journey/router.rb:35:in `serve'
actionpack (5.2.1) lib/action_dispatch/routing/route_set.rb:840:in `call'
rack (2.0.5) lib/rack/tempfile_reaper.rb:15:in `call'
rack (2.0.5) lib/rack/etag.rb:25:in `call'
rack (2.0.5) lib/rack/conditional_get.rb:38:in `call'
rack (2.0.5) lib/rack/head.rb:12:in `call'
actionpack (5.2.1) lib/action_dispatch/http/content_security_policy.rb:18:in `call'
rack (2.0.5) lib/rack/session/abstract/id.rb:232:in `context'
rack (2.0.5) lib/rack/session/abstract/id.rb:226:in `call'
actionpack (5.2.1) lib/action_dispatch/middleware/cookies.rb:670:in `call'
activerecord (5.2.1) lib/active_record/migration.rb:559:in `call'
actionpack (5.2.1) lib/action_dispatch/middleware/callbacks.rb:28:in `block in call'
activesupport (5.2.1) lib/active_support/callbacks.rb:98:in `run_callbacks'
actionpack (5.2.1) lib/action_dispatch/middleware/callbacks.rb:26:in `call'
actionpack (5.2.1) lib/action_dispatch/middleware/executor.rb:14:in `call'
actionpack (5.2.1) lib/action_dispatch/middleware/debug_exceptions.rb:61:in `call'
web-console (3.7.0) lib/web_console/middleware.rb:135:in `call_app'
web-console (3.7.0) lib/web_console/middleware.rb:30:in `block in call'
web-console (3.7.0) lib/web_console/middleware.rb:20:in `catch'
web-console (3.7.0) lib/web_console/middleware.rb:20:in `call'
actionpack (5.2.1) lib/action_dispatch/middleware/show_exceptions.rb:33:in `call'
railties (5.2.1) lib/rails/rack/logger.rb:38:in `call_app'
railties (5.2.1) lib/rails/rack/logger.rb:26:in `block in call'
activesupport (5.2.1) lib/active_support/tagged_logging.rb:71:in `block in tagged'
activesupport (5.2.1) lib/active_support/tagged_logging.rb:28:in `tagged'
activesupport (5.2.1) lib/active_support/tagged_logging.rb:71:in `tagged'
railties (5.2.1) lib/rails/rack/logger.rb:26:in `call'
sprockets-rails (3.2.1) lib/sprockets/rails/quiet_assets.rb:13:in `call'
actionpack (5.2.1) lib/action_dispatch/middleware/remote_ip.rb:81:in `call'
actionpack (5.2.1) lib/action_dispatch/middleware/request_id.rb:27:in `call'
rack (2.0.5) lib/rack/method_override.rb:22:in `call'
rack (2.0.5) lib/rack/runtime.rb:22:in `call'
activesupport (5.2.1) lib/active_support/cache/strategy/local_cache_middleware.rb:29:in `call'
actionpack (5.2.1) lib/action_dispatch/middleware/executor.rb:14:in `call'
actionpack (5.2.1) lib/action_dispatch/middleware/static.rb:127:in `call'
rack (2.0.5) lib/rack/sendfile.rb:111:in `call'
railties (5.2.1) lib/rails/engine.rb:524:in `call'
puma (3.12.0) lib/puma/configuration.rb:225:in `call'
puma (3.12.0) lib/puma/server.rb:658:in `handle_request'
puma (3.12.0) lib/puma/server.rb:472:in `process_client'
puma (3.12.0) lib/puma/server.rb:332:in `block in run'
puma (3.12.0) lib/puma/thread_pool.rb:133:in `block in spawn_thread'
Started PUT "/__web_console/repl_sessions/7d3b24b61d321322fef3a49b57bce6ea" for 127.0.0.1 at 2018-09-26 01:38:46 +0900
Started PUT "/__web_console/repl_sessions/7d3b24b61d321322fef3a49b57bce6ea" for 127.0.0.1 at 2018-09-26 01:38:47 +0900
Started GET "/" for 127.0.0.1 at 2018-10-02 21:39:31 +0900
  [1m[35m (9.0ms)[0m  [1m[34mSELECT "schema_migrations"."version" FROM "schema_migrations" ORDER BY "schema_migrations"."version" ASC[0m
  ↳ /var/lib/gems/2.5.0/gems/activerecord-5.2.1/lib/active_record/log_subscriber.rb:98
Processing by Rails::WelcomeController#index as HTML
  Rendering /var/lib/gems/2.5.0/gems/railties-5.2.1/lib/rails/templates/rails/welcome/index.html.erb
  Rendered /var/lib/gems/2.5.0/gems/railties-5.2.1/lib/rails/templates/rails/welcome/index.html.erb (4.5ms)
Completed 200 OK in 59ms (Views: 36.9ms | ActiveRecord: 0.0ms)


Started GET "/index" for 127.0.0.1 at 2018-10-02 21:39:41 +0900
Processing by HomeController#index as HTML
  Rendering home/index.erb within layouts/application
  [1m[36mPost Load (0.3ms)[0m  [1m[34mSELECT "posts".* FROM "posts"[0m
  ↳ app/views/home/index.erb:2
  Rendered home/index.erb within layouts/application (19.7ms)
Completed 200 OK in 859ms (Views: 828.3ms | ActiveRecord: 1.4ms)


Started GET "/write" for 127.0.0.1 at 2018-10-02 21:39:52 +0900
Processing by HomeController#write as HTML
  Rendering home/write.erb within layouts/application
  Rendered home/write.erb within layouts/application (0.5ms)
Completed 200 OK in 38ms (Views: 23.4ms | ActiveRecord: 0.0ms)


Started POST "/create" for 127.0.0.1 at 2018-10-02 21:39:58 +0900
Processing by HomeController#create as HTML
  Parameters: {"title"=>"LEE", "content"=>"sajflas"}
Can't verify CSRF token authenticity.
Completed 422 Unprocessable Entity in 1ms (ActiveRecord: 0.0ms)


  
ActionController::InvalidAuthenticityToken (ActionController::InvalidAuthenticityToken):
  
actionpack (5.2.1) lib/action_controller/metal/request_forgery_protection.rb:211:in `handle_unverified_request'
actionpack (5.2.1) lib/action_controller/metal/request_forgery_protection.rb:243:in `handle_unverified_request'
actionpack (5.2.1) lib/action_controller/metal/request_forgery_protection.rb:238:in `verify_authenticity_token'
activesupport (5.2.1) lib/active_support/callbacks.rb:426:in `block in make_lambda'
activesupport (5.2.1) lib/active_support/callbacks.rb:198:in `block (2 levels) in halting'
actionpack (5.2.1) lib/abstract_controller/callbacks.rb:34:in `block (2 levels) in <module:Callbacks>'
activesupport (5.2.1) lib/active_support/callbacks.rb:199:in `block in halting'
activesupport (5.2.1) lib/active_support/callbacks.rb:513:in `block in invoke_before'
activesupport (5.2.1) lib/active_support/callbacks.rb:513:in `each'
activesupport (5.2.1) lib/active_support/callbacks.rb:513:in `invoke_before'
activesupport (5.2.1) lib/active_support/callbacks.rb:131:in `run_callbacks'
actionpack (5.2.1) lib/abstract_controller/callbacks.rb:41:in `process_action'
actionpack (5.2.1) lib/action_controller/metal/rescue.rb:22:in `process_action'
actionpack (5.2.1) lib/action_controller/metal/instrumentation.rb:34:in `block in process_action'
activesupport (5.2.1) lib/active_support/notifications.rb:168:in `block in instrument'
activesupport (5.2.1) lib/active_support/notifications/instrumenter.rb:23:in `instrument'
activesupport (5.2.1) lib/active_support/notifications.rb:168:in `instrument'
actionpack (5.2.1) lib/action_controller/metal/instrumentation.rb:32:in `process_action'
actionpack (5.2.1) lib/action_controller/metal/params_wrapper.rb:256:in `process_action'
activerecord (5.2.1) lib/active_record/railties/controller_runtime.rb:24:in `process_action'
actionpack (5.2.1) lib/abstract_controller/base.rb:134:in `process'
actionview (5.2.1) lib/action_view/rendering.rb:32:in `process'
actionpack (5.2.1) lib/action_controller/metal.rb:191:in `dispatch'
actionpack (5.2.1) lib/action_controller/metal.rb:252:in `dispatch'
actionpack (5.2.1) lib/action_dispatch/routing/route_set.rb:52:in `dispatch'
actionpack (5.2.1) lib/action_dispatch/routing/route_set.rb:34:in `serve'
actionpack (5.2.1) lib/action_dispatch/journey/router.rb:52:in `block in serve'
actionpack (5.2.1) lib/action_dispatch/journey/router.rb:35:in `each'
actionpack (5.2.1) lib/action_dispatch/journey/router.rb:35:in `serve'
actionpack (5.2.1) lib/action_dispatch/routing/route_set.rb:840:in `call'
rack (2.0.5) lib/rack/tempfile_reaper.rb:15:in `call'
rack (2.0.5) lib/rack/etag.rb:25:in `call'
rack (2.0.5) lib/rack/conditional_get.rb:38:in `call'
rack (2.0.5) lib/rack/head.rb:12:in `call'
actionpack (5.2.1) lib/action_dispatch/http/content_security_policy.rb:18:in `call'
rack (2.0.5) lib/rack/session/abstract/id.rb:232:in `context'
rack (2.0.5) lib/rack/session/abstract/id.rb:226:in `call'
actionpack (5.2.1) lib/action_dispatch/middleware/cookies.rb:670:in `call'
activerecord (5.2.1) lib/active_record/migration.rb:559:in `call'
actionpack (5.2.1) lib/action_dispatch/middleware/callbacks.rb:28:in `block in call'
activesupport (5.2.1) lib/active_support/callbacks.rb:98:in `run_callbacks'
actionpack (5.2.1) lib/action_dispatch/middleware/callbacks.rb:26:in `call'
actionpack (5.2.1) lib/action_dispatch/middleware/executor.rb:14:in `call'
actionpack (5.2.1) lib/action_dispatch/middleware/debug_exceptions.rb:61:in `call'
web-console (3.7.0) lib/web_console/middleware.rb:135:in `call_app'
web-console (3.7.0) lib/web_console/middleware.rb:30:in `block in call'
web-console (3.7.0) lib/web_console/middleware.rb:20:in `catch'
web-console (3.7.0) lib/web_console/middleware.rb:20:in `call'
actionpack (5.2.1) lib/action_dispatch/middleware/show_exceptions.rb:33:in `call'
railties (5.2.1) lib/rails/rack/logger.rb:38:in `call_app'
railties (5.2.1) lib/rails/rack/logger.rb:26:in `block in call'
activesupport (5.2.1) lib/active_support/tagged_logging.rb:71:in `block in tagged'
activesupport (5.2.1) lib/active_support/tagged_logging.rb:28:in `tagged'
activesupport (5.2.1) lib/active_support/tagged_logging.rb:71:in `tagged'
railties (5.2.1) lib/rails/rack/logger.rb:26:in `call'
sprockets-rails (3.2.1) lib/sprockets/rails/quiet_assets.rb:13:in `call'
actionpack (5.2.1) lib/action_dispatch/middleware/remote_ip.rb:81:in `call'
actionpack (5.2.1) lib/action_dispatch/middleware/request_id.rb:27:in `call'
rack (2.0.5) lib/rack/method_override.rb:22:in `call'
rack (2.0.5) lib/rack/runtime.rb:22:in `call'
activesupport (5.2.1) lib/active_support/cache/strategy/local_cache_middleware.rb:29:in `call'
actionpack (5.2.1) lib/action_dispatch/middleware/executor.rb:14:in `call'
actionpack (5.2.1) lib/action_dispatch/middleware/static.rb:127:in `call'
rack (2.0.5) lib/rack/sendfile.rb:111:in `call'
railties (5.2.1) lib/rails/engine.rb:524:in `call'
puma (3.12.0) lib/puma/configuration.rb:225:in `call'
puma (3.12.0) lib/puma/server.rb:658:in `handle_request'
puma (3.12.0) lib/puma/server.rb:472:in `process_client'
puma (3.12.0) lib/puma/server.rb:332:in `block in run'
puma (3.12.0) lib/puma/thread_pool.rb:133:in `block in spawn_thread'
